<?xml version="1.0" encoding="UTF-8"?>
<testsuite xmlns:xsi="http://www.w3.org/2001/XMLSchema-instance" xsi:noNamespaceSchemaLocation="https://maven.apache.org/surefire/maven-surefire-plugin/xsd/surefire-test-report-3.0.xsd" version="3.0" name="ru.kolivim.myproject.task.management.system.impl.TaskServiceTest" time="10.771" tests="14" errors="0" skipped="0" failures="0">
  <properties>
    <property name="java.specification.version" value="18"/>
    <property name="sun.cpu.isalist" value="amd64"/>
    <property name="sun.jnu.encoding" value="Cp1252"/>
    <property name="java.class.path" value="D:\Repository\tms\task-management-system\impl\target\test-classes;D:\Repository\tms\task-management-system\impl\target\classes;C:\Users\Mi\.m2\repository\org\springframework\cloud\spring-cloud-starter-kubernetes-client-config\2.1.1\spring-cloud-starter-kubernetes-client-config-2.1.1.jar;C:\Users\Mi\.m2\repository\org\springframework\cloud\spring-cloud-kubernetes-commons\2.1.1\spring-cloud-kubernetes-commons-2.1.1.jar;C:\Users\Mi\.m2\repository\org\springframework\cloud\spring-cloud-commons\3.1.1\spring-cloud-commons-3.1.1.jar;C:\Users\Mi\.m2\repository\org\springframework\cloud\spring-cloud-context\3.1.1\spring-cloud-context-3.1.1.jar;C:\Users\Mi\.m2\repository\javax\annotation\javax.annotation-api\1.3.2\javax.annotation-api-1.3.2.jar;C:\Users\Mi\.m2\repository\org\springframework\cloud\spring-cloud-kubernetes-client-autoconfig\2.1.1\spring-cloud-kubernetes-client-autoconfig-2.1.1.jar;C:\Users\Mi\.m2\repository\io\kubernetes\client-java\13.0.2\client-java-13.0.2.jar;C:\Users\Mi\.m2\repository\io\prometheus\simpleclient\0.16.0\simpleclient-0.16.0.jar;C:\Users\Mi\.m2\repository\io\prometheus\simpleclient_tracer_otel\0.16.0\simpleclient_tracer_otel-0.16.0.jar;C:\Users\Mi\.m2\repository\io\prometheus\simpleclient_tracer_common\0.16.0\simpleclient_tracer_common-0.16.0.jar;C:\Users\Mi\.m2\repository\io\prometheus\simpleclient_tracer_otel_agent\0.16.0\simpleclient_tracer_otel_agent-0.16.0.jar;C:\Users\Mi\.m2\repository\io\prometheus\simpleclient_httpserver\0.16.0\simpleclient_httpserver-0.16.0.jar;C:\Users\Mi\.m2\repository\io\prometheus\simpleclient_common\0.16.0\simpleclient_common-0.16.0.jar;C:\Users\Mi\.m2\repository\io\kubernetes\client-java-api\13.0.2\client-java-api-13.0.2.jar;C:\Users\Mi\.m2\repository\com\squareup\okhttp3\okhttp\4.10.0\okhttp-4.10.0.jar;C:\Users\Mi\.m2\repository\com\squareup\okio\okio-jvm\3.0.0\okio-jvm-3.0.0.jar;C:\Users\Mi\.m2\repository\org\jetbrains\kotlin\kotlin-stdlib-common\1.8.22\kotlin-stdlib-common-1.8.22.jar;C:\Users\Mi\.m2\repository\org\jetbrains\kotlin\kotlin-stdlib\1.8.22\kotlin-stdlib-1.8.22.jar;C:\Users\Mi\.m2\repository\com\squareup\okhttp3\logging-interceptor\4.10.0\logging-interceptor-4.10.0.jar;C:\Users\Mi\.m2\repository\org\jetbrains\kotlin\kotlin-stdlib-jdk8\1.8.22\kotlin-stdlib-jdk8-1.8.22.jar;C:\Users\Mi\.m2\repository\org\jetbrains\kotlin\kotlin-stdlib-jdk7\1.8.22\kotlin-stdlib-jdk7-1.8.22.jar;C:\Users\Mi\.m2\repository\com\google\code\gson\gson\2.10.1\gson-2.10.1.jar;C:\Users\Mi\.m2\repository\io\gsonfire\gson-fire\1.8.5\gson-fire-1.8.5.jar;C:\Users\Mi\.m2\repository\com\google\code\findbugs\jsr305\3.0.2\jsr305-3.0.2.jar;C:\Users\Mi\.m2\repository\io\kubernetes\client-java-proto\13.0.2\client-java-proto-13.0.2.jar;C:\Users\Mi\.m2\repository\org\bouncycastle\bcprov-ext-jdk15on\1.69\bcprov-ext-jdk15on-1.69.jar;C:\Users\Mi\.m2\repository\org\bouncycastle\bcpkix-jdk15on\1.69\bcpkix-jdk15on-1.69.jar;C:\Users\Mi\.m2\repository\org\bouncycastle\bcprov-jdk15on\1.69\bcprov-jdk15on-1.69.jar;C:\Users\Mi\.m2\repository\org\bouncycastle\bcutil-jdk15on\1.69\bcutil-jdk15on-1.69.jar;C:\Users\Mi\.m2\repository\com\google\protobuf\protobuf-java\3.17.3\protobuf-java-3.17.3.jar;C:\Users\Mi\.m2\repository\org\bitbucket\b_c\jose4j\0.7.8\jose4j-0.7.8.jar;C:\Users\Mi\.m2\repository\io\kubernetes\client-java-extended\13.0.2\client-java-extended-13.0.2.jar;C:\Users\Mi\.m2\repository\io\kubernetes\client-java-api-fluent\13.0.2\client-java-api-fluent-13.0.2.jar;C:\Users\Mi\.m2\repository\com\github\vladimir-bukhtoyarov\bucket4j-core\6.2.0\bucket4j-core-6.2.0.jar;C:\Users\Mi\.m2\repository\com\flipkart\zjsonpatch\zjsonpatch\0.4.11\zjsonpatch-0.4.11.jar;C:\Users\Mi\.m2\repository\com\github\ben-manes\caffeine\caffeine\3.1.6\caffeine-3.1.6.jar;C:\Users\Mi\.m2\repository\com\google\errorprone\error_prone_annotations\2.18.0\error_prone_annotations-2.18.0.jar;C:\Users\Mi\.m2\repository\io\kubernetes\client-java-spring-integration\13.0.2\client-java-spring-integration-13.0.2.jar;C:\Users\Mi\.m2\repository\org\springframework\boot\spring-boot-actuator\3.1.2\spring-boot-actuator-3.1.2.jar;C:\Users\Mi\.m2\repository\org\springframework\cloud\spring-cloud-kubernetes-client-config\2.1.1\spring-cloud-kubernetes-client-config-2.1.1.jar;C:\Users\Mi\.m2\repository\org\springframework\cloud\spring-cloud-starter\3.1.1\spring-cloud-starter-3.1.1.jar;C:\Users\Mi\.m2\repository\org\springframework\security\spring-security-rsa\1.0.10.RELEASE\spring-security-rsa-1.0.10.RELEASE.jar;C:\Users\Mi\.m2\repository\org\springframework\cloud\spring-cloud-starter-bootstrap\3.1.1\spring-cloud-starter-bootstrap-3.1.1.jar;D:\Repository\tms\task-management-system\api\target\task.management-api-1.0.0-SNAPSHOT.jar;C:\Users\Mi\.m2\repository\io\swagger\core\v3\swagger-annotations\2.2.18\swagger-annotations-2.2.18.jar;C:\Users\Mi\.m2\repository\io\swagger\swagger-annotations\1.6.2\swagger-annotations-1.6.2.jar;D:\Repository\tms\task-management-system\db\target\task.management-db-1.0.0-SNAPSHOT.jar;C:\Users\Mi\.m2\repository\org\liquibase\liquibase-core\4.20.0\liquibase-core-4.20.0.jar;C:\Users\Mi\.m2\repository\javax\xml\bind\jaxb-api\2.3.1\jaxb-api-2.3.1.jar;C:\Users\Mi\.m2\repository\javax\activation\javax.activation-api\1.2.0\javax.activation-api-1.2.0.jar;C:\Users\Mi\.m2\repository\org\json\json\20230618\json-20230618.jar;C:\Users\Mi\.m2\repository\commons-io\commons-io\2.13.0\commons-io-2.13.0.jar;C:\Users\Mi\.m2\repository\cn\apiclub\tool\simplecaptcha\1.2.2\simplecaptcha-1.2.2.jar;C:\Users\Mi\.m2\repository\org\springframework\boot\spring-boot-starter-security\3.1.2\spring-boot-starter-security-3.1.2.jar;C:\Users\Mi\.m2\repository\org\springframework\boot\spring-boot-starter\3.1.2\spring-boot-starter-3.1.2.jar;C:\Users\Mi\.m2\repository\org\springframework\boot\spring-boot\3.1.2\spring-boot-3.1.2.jar;C:\Users\Mi\.m2\repository\org\springframework\boot\spring-boot-starter-logging\3.1.2\spring-boot-starter-logging-3.1.2.jar;C:\Users\Mi\.m2\repository\ch\qos\logback\logback-classic\1.4.8\logback-classic-1.4.8.jar;C:\Users\Mi\.m2\repository\ch\qos\logback\logback-core\1.4.8\logback-core-1.4.8.jar;C:\Users\Mi\.m2\repository\org\apache\logging\log4j\log4j-to-slf4j\2.20.0\log4j-to-slf4j-2.20.0.jar;C:\Users\Mi\.m2\repository\org\slf4j\jul-to-slf4j\2.0.7\jul-to-slf4j-2.0.7.jar;C:\Users\Mi\.m2\repository\jakarta\annotation\jakarta.annotation-api\2.1.1\jakarta.annotation-api-2.1.1.jar;C:\Users\Mi\.m2\repository\org\springframework\spring-aop\6.0.11\spring-aop-6.0.11.jar;C:\Users\Mi\.m2\repository\org\springframework\spring-beans\6.0.11\spring-beans-6.0.11.jar;C:\Users\Mi\.m2\repository\org\springframework\security\spring-security-config\6.1.2\spring-security-config-6.1.2.jar;C:\Users\Mi\.m2\repository\org\springframework\spring-context\6.0.11\spring-context-6.0.11.jar;C:\Users\Mi\.m2\repository\org\springframework\security\spring-security-web\6.1.2\spring-security-web-6.1.2.jar;C:\Users\Mi\.m2\repository\org\springframework\spring-expression\6.0.11\spring-expression-6.0.11.jar;C:\Users\Mi\.m2\repository\org\springframework\boot\spring-boot-starter-mail\3.1.2\spring-boot-starter-mail-3.1.2.jar;C:\Users\Mi\.m2\repository\org\springframework\spring-context-support\6.0.11\spring-context-support-6.0.11.jar;C:\Users\Mi\.m2\repository\org\eclipse\angus\jakarta.mail\1.1.0\jakarta.mail-1.1.0.jar;C:\Users\Mi\.m2\repository\jakarta\activation\jakarta.activation-api\2.1.2\jakarta.activation-api-2.1.2.jar;C:\Users\Mi\.m2\repository\org\eclipse\angus\angus-activation\2.0.1\angus-activation-2.0.1.jar;C:\Users\Mi\.m2\repository\org\springframework\boot\spring-boot-starter-oauth2-resource-server\3.1.2\spring-boot-starter-oauth2-resource-server-3.1.2.jar;C:\Users\Mi\.m2\repository\org\springframework\security\spring-security-core\6.1.2\spring-security-core-6.1.2.jar;C:\Users\Mi\.m2\repository\org\springframework\security\spring-security-crypto\6.1.2\spring-security-crypto-6.1.2.jar;C:\Users\Mi\.m2\repository\io\micrometer\micrometer-observation\1.11.2\micrometer-observation-1.11.2.jar;C:\Users\Mi\.m2\repository\io\micrometer\micrometer-commons\1.11.2\micrometer-commons-1.11.2.jar;C:\Users\Mi\.m2\repository\org\springframework\security\spring-security-oauth2-resource-server\6.1.2\spring-security-oauth2-resource-server-6.1.2.jar;C:\Users\Mi\.m2\repository\org\springframework\security\spring-security-oauth2-core\6.1.2\spring-security-oauth2-core-6.1.2.jar;C:\Users\Mi\.m2\repository\org\springframework\security\spring-security-oauth2-jose\6.1.2\spring-security-oauth2-jose-6.1.2.jar;C:\Users\Mi\.m2\repository\com\nimbusds\nimbus-jose-jwt\9.31\nimbus-jose-jwt-9.31.jar;C:\Users\Mi\.m2\repository\com\github\stephenc\jcip\jcip-annotations\1.0-1\jcip-annotations-1.0-1.jar;C:\Users\Mi\.m2\repository\io\jsonwebtoken\jjwt-api\0.11.5\jjwt-api-0.11.5.jar;C:\Users\Mi\.m2\repository\io\jsonwebtoken\jjwt-impl\0.11.5\jjwt-impl-0.11.5.jar;C:\Users\Mi\.m2\repository\io\jsonwebtoken\jjwt-jackson\0.11.5\jjwt-jackson-0.11.5.jar;C:\Users\Mi\.m2\repository\com\fasterxml\jackson\core\jackson-databind\2.15.2\jackson-databind-2.15.2.jar;C:\Users\Mi\.m2\repository\com\fasterxml\jackson\core\jackson-core\2.15.2\jackson-core-2.15.2.jar;C:\Users\Mi\.m2\repository\org\springframework\boot\spring-boot-starter-websocket\3.1.3\spring-boot-starter-websocket-3.1.3.jar;C:\Users\Mi\.m2\repository\org\springframework\spring-messaging\6.0.11\spring-messaging-6.0.11.jar;C:\Users\Mi\.m2\repository\org\springframework\spring-websocket\6.0.11\spring-websocket-6.0.11.jar;D:\Repository\tms\task-management-system\domain\target\task.management-domain-1.0.0-SNAPSHOT.jar;C:\Users\Mi\.m2\repository\org\hibernate\orm\hibernate-envers\6.2.6.Final\hibernate-envers-6.2.6.Final.jar;C:\Users\Mi\.m2\repository\org\hibernate\common\hibernate-commons-annotations\6.0.6.Final\hibernate-commons-annotations-6.0.6.Final.jar;C:\Users\Mi\.m2\repository\io\smallrye\jandex\3.0.5\jandex-3.0.5.jar;C:\Users\Mi\.m2\repository\org\apache\logging\log4j\log4j-core\2.18.0\log4j-core-2.18.0.jar;C:\Users\Mi\.m2\repository\org\modelmapper\modelmapper\3.1.1\modelmapper-3.1.1.jar;C:\Users\Mi\.m2\repository\commons-logging\commons-logging\1.1.1\commons-logging-1.1.1.jar;C:\Users\Mi\.m2\repository\log4j\log4j\1.2.17\log4j-1.2.17.jar;C:\Users\Mi\.m2\repository\com\cloudinary\cloudinary-http44\1.34.0\cloudinary-http44-1.34.0.jar;C:\Users\Mi\.m2\repository\com\cloudinary\cloudinary-core\1.34.0\cloudinary-core-1.34.0.jar;C:\Users\Mi\.m2\repository\org\apache\commons\commons-lang3\3.12.0\commons-lang3-3.12.0.jar;C:\Users\Mi\.m2\repository\org\apache\httpcomponents\httpclient\4.4\httpclient-4.4.jar;C:\Users\Mi\.m2\repository\org\apache\httpcomponents\httpcore\4.4.16\httpcore-4.4.16.jar;C:\Users\Mi\.m2\repository\commons-codec\commons-codec\1.15\commons-codec-1.15.jar;C:\Users\Mi\.m2\repository\org\apache\httpcomponents\httpmime\4.4\httpmime-4.4.jar;C:\Users\Mi\.m2\repository\org\testcontainers\junit-jupiter\1.18.3\junit-jupiter-1.18.3.jar;C:\Users\Mi\.m2\repository\org\testcontainers\testcontainers\1.18.3\testcontainers-1.18.3.jar;C:\Users\Mi\.m2\repository\org\apache\commons\commons-compress\1.23.0\commons-compress-1.23.0.jar;C:\Users\Mi\.m2\repository\org\rnorth\duct-tape\duct-tape\1.0.8\duct-tape-1.0.8.jar;C:\Users\Mi\.m2\repository\org\jetbrains\annotations\17.0.0\annotations-17.0.0.jar;C:\Users\Mi\.m2\repository\com\github\docker-java\docker-java-api\3.3.0\docker-java-api-3.3.0.jar;C:\Users\Mi\.m2\repository\com\github\docker-java\docker-java-transport-zerodep\3.3.0\docker-java-transport-zerodep-3.3.0.jar;C:\Users\Mi\.m2\repository\com\github\docker-java\docker-java-transport\3.3.0\docker-java-transport-3.3.0.jar;C:\Users\Mi\.m2\repository\net\java\dev\jna\jna\5.12.1\jna-5.12.1.jar;C:\Users\Mi\.m2\repository\org\testcontainers\postgresql\1.18.3\postgresql-1.18.3.jar;C:\Users\Mi\.m2\repository\org\testcontainers\jdbc\1.18.3\jdbc-1.18.3.jar;C:\Users\Mi\.m2\repository\org\testcontainers\database-commons\1.18.3\database-commons-1.18.3.jar;C:\Users\Mi\.m2\repository\org\springframework\boot\spring-boot-starter-test\3.1.2\spring-boot-starter-test-3.1.2.jar;C:\Users\Mi\.m2\repository\org\springframework\boot\spring-boot-test\3.1.2\spring-boot-test-3.1.2.jar;C:\Users\Mi\.m2\repository\org\springframework\boot\spring-boot-test-autoconfigure\3.1.2\spring-boot-test-autoconfigure-3.1.2.jar;C:\Users\Mi\.m2\repository\com\jayway\jsonpath\json-path\2.8.0\json-path-2.8.0.jar;C:\Users\Mi\.m2\repository\jakarta\xml\bind\jakarta.xml.bind-api\4.0.0\jakarta.xml.bind-api-4.0.0.jar;C:\Users\Mi\.m2\repository\net\minidev\json-smart\2.4.11\json-smart-2.4.11.jar;C:\Users\Mi\.m2\repository\net\minidev\accessors-smart\2.4.11\accessors-smart-2.4.11.jar;C:\Users\Mi\.m2\repository\org\ow2\asm\asm\9.3\asm-9.3.jar;C:\Users\Mi\.m2\repository\org\assertj\assertj-core\3.24.2\assertj-core-3.24.2.jar;C:\Users\Mi\.m2\repository\org\hamcrest\hamcrest\2.2\hamcrest-2.2.jar;C:\Users\Mi\.m2\repository\org\junit\jupiter\junit-jupiter\5.9.3\junit-jupiter-5.9.3.jar;C:\Users\Mi\.m2\repository\org\junit\jupiter\junit-jupiter-params\5.9.3\junit-jupiter-params-5.9.3.jar;C:\Users\Mi\.m2\repository\org\junit\jupiter\junit-jupiter-engine\5.9.3\junit-jupiter-engine-5.9.3.jar;C:\Users\Mi\.m2\repository\org\junit\platform\junit-platform-engine\1.9.3\junit-platform-engine-1.9.3.jar;C:\Users\Mi\.m2\repository\org\skyscreamer\jsonassert\1.5.1\jsonassert-1.5.1.jar;C:\Users\Mi\.m2\repository\com\vaadin\external\google\android-json\0.0.20131108.vaadin1\android-json-0.0.20131108.vaadin1.jar;C:\Users\Mi\.m2\repository\org\springframework\spring-core\6.0.11\spring-core-6.0.11.jar;C:\Users\Mi\.m2\repository\org\springframework\spring-jcl\6.0.11\spring-jcl-6.0.11.jar;C:\Users\Mi\.m2\repository\org\springframework\spring-test\6.0.11\spring-test-6.0.11.jar;C:\Users\Mi\.m2\repository\org\xmlunit\xmlunit-core\2.9.1\xmlunit-core-2.9.1.jar;C:\Users\Mi\.m2\repository\junit\junit\4.13.2\junit-4.13.2.jar;C:\Users\Mi\.m2\repository\org\hamcrest\hamcrest-core\2.2\hamcrest-core-2.2.jar;C:\Users\Mi\.m2\repository\org\junit\jupiter\junit-jupiter-api\5.9.3\junit-jupiter-api-5.9.3.jar;C:\Users\Mi\.m2\repository\org\opentest4j\opentest4j\1.2.0\opentest4j-1.2.0.jar;C:\Users\Mi\.m2\repository\org\junit\platform\junit-platform-commons\1.9.3\junit-platform-commons-1.9.3.jar;C:\Users\Mi\.m2\repository\org\apiguardian\apiguardian-api\1.1.2\apiguardian-api-1.1.2.jar;C:\Users\Mi\.m2\repository\org\mockito\mockito-core\5.3.1\mockito-core-5.3.1.jar;C:\Users\Mi\.m2\repository\net\bytebuddy\byte-buddy\1.14.5\byte-buddy-1.14.5.jar;C:\Users\Mi\.m2\repository\net\bytebuddy\byte-buddy-agent\1.14.5\byte-buddy-agent-1.14.5.jar;C:\Users\Mi\.m2\repository\org\objenesis\objenesis\3.3\objenesis-3.3.jar;C:\Users\Mi\.m2\repository\org\mockito\mockito-junit-jupiter\5.3.1\mockito-junit-jupiter-5.3.1.jar;C:\Users\Mi\.m2\repository\org\projectlombok\lombok\1.18.28\lombok-1.18.28.jar;C:\Users\Mi\.m2\repository\org\springframework\boot\spring-boot-testcontainers\3.1.2\spring-boot-testcontainers-3.1.2.jar;C:\Users\Mi\.m2\repository\org\springframework\boot\spring-boot-autoconfigure\3.1.2\spring-boot-autoconfigure-3.1.2.jar;C:\Users\Mi\.m2\repository\io\swagger\core\v3\swagger-core\2.2.18\swagger-core-2.2.18.jar;C:\Users\Mi\.m2\repository\org\slf4j\slf4j-api\2.0.7\slf4j-api-2.0.7.jar;C:\Users\Mi\.m2\repository\com\fasterxml\jackson\core\jackson-annotations\2.15.2\jackson-annotations-2.15.2.jar;C:\Users\Mi\.m2\repository\com\fasterxml\jackson\dataformat\jackson-dataformat-yaml\2.15.2\jackson-dataformat-yaml-2.15.2.jar;C:\Users\Mi\.m2\repository\com\fasterxml\jackson\datatype\jackson-datatype-jsr310\2.15.2\jackson-datatype-jsr310-2.15.2.jar;C:\Users\Mi\.m2\repository\org\yaml\snakeyaml\1.33\snakeyaml-1.33.jar;C:\Users\Mi\.m2\repository\io\swagger\core\v3\swagger-models\2.2.18\swagger-models-2.2.18.jar;C:\Users\Mi\.m2\repository\jakarta\validation\jakarta.validation-api\3.0.2\jakarta.validation-api-3.0.2.jar;C:\Users\Mi\.m2\repository\org\springdoc\springdoc-openapi-starter-webmvc-ui\2.0.4\springdoc-openapi-starter-webmvc-ui-2.0.4.jar;C:\Users\Mi\.m2\repository\org\springdoc\springdoc-openapi-starter-webmvc-api\2.0.4\springdoc-openapi-starter-webmvc-api-2.0.4.jar;C:\Users\Mi\.m2\repository\org\springdoc\springdoc-openapi-starter-common\2.0.4\springdoc-openapi-starter-common-2.0.4.jar;C:\Users\Mi\.m2\repository\io\swagger\core\v3\swagger-core-jakarta\2.2.8\swagger-core-jakarta-2.2.8.jar;C:\Users\Mi\.m2\repository\io\swagger\core\v3\swagger-annotations-jakarta\2.2.8\swagger-annotations-jakarta-2.2.8.jar;C:\Users\Mi\.m2\repository\io\swagger\core\v3\swagger-models-jakarta\2.2.8\swagger-models-jakarta-2.2.8.jar;C:\Users\Mi\.m2\repository\org\webjars\swagger-ui\4.18.1\swagger-ui-4.18.1.jar;C:\Users\Mi\.m2\repository\org\webjars\webjars-locator-core\0.52\webjars-locator-core-0.52.jar;C:\Users\Mi\.m2\repository\io\github\classgraph\classgraph\4.8.149\classgraph-4.8.149.jar;C:\Users\Mi\.m2\repository\org\springframework\boot\spring-boot-starter-web\3.1.2\spring-boot-starter-web-3.1.2.jar;C:\Users\Mi\.m2\repository\org\springframework\boot\spring-boot-starter-json\3.1.2\spring-boot-starter-json-3.1.2.jar;C:\Users\Mi\.m2\repository\com\fasterxml\jackson\datatype\jackson-datatype-jdk8\2.15.2\jackson-datatype-jdk8-2.15.2.jar;C:\Users\Mi\.m2\repository\com\fasterxml\jackson\module\jackson-module-parameter-names\2.15.2\jackson-module-parameter-names-2.15.2.jar;C:\Users\Mi\.m2\repository\org\springframework\boot\spring-boot-starter-tomcat\3.1.2\spring-boot-starter-tomcat-3.1.2.jar;C:\Users\Mi\.m2\repository\org\apache\tomcat\embed\tomcat-embed-core\10.1.11\tomcat-embed-core-10.1.11.jar;C:\Users\Mi\.m2\repository\org\apache\tomcat\embed\tomcat-embed-el\10.1.11\tomcat-embed-el-10.1.11.jar;C:\Users\Mi\.m2\repository\org\apache\tomcat\embed\tomcat-embed-websocket\10.1.11\tomcat-embed-websocket-10.1.11.jar;C:\Users\Mi\.m2\repository\org\springframework\spring-web\6.0.11\spring-web-6.0.11.jar;C:\Users\Mi\.m2\repository\org\springframework\spring-webmvc\6.0.11\spring-webmvc-6.0.11.jar;C:\Users\Mi\.m2\repository\org\springframework\boot\spring-boot-starter-data-jpa\3.1.2\spring-boot-starter-data-jpa-3.1.2.jar;C:\Users\Mi\.m2\repository\org\springframework\boot\spring-boot-starter-aop\3.1.2\spring-boot-starter-aop-3.1.2.jar;C:\Users\Mi\.m2\repository\org\aspectj\aspectjweaver\1.9.19\aspectjweaver-1.9.19.jar;C:\Users\Mi\.m2\repository\org\springframework\boot\spring-boot-starter-jdbc\3.1.2\spring-boot-starter-jdbc-3.1.2.jar;C:\Users\Mi\.m2\repository\com\zaxxer\HikariCP\5.0.1\HikariCP-5.0.1.jar;C:\Users\Mi\.m2\repository\org\springframework\spring-jdbc\6.0.11\spring-jdbc-6.0.11.jar;C:\Users\Mi\.m2\repository\org\hibernate\orm\hibernate-core\6.2.6.Final\hibernate-core-6.2.6.Final.jar;C:\Users\Mi\.m2\repository\jakarta\persistence\jakarta.persistence-api\3.1.0\jakarta.persistence-api-3.1.0.jar;C:\Users\Mi\.m2\repository\jakarta\transaction\jakarta.transaction-api\2.0.1\jakarta.transaction-api-2.0.1.jar;C:\Users\Mi\.m2\repository\com\fasterxml\classmate\1.5.1\classmate-1.5.1.jar;C:\Users\Mi\.m2\repository\jakarta\inject\jakarta.inject-api\2.0.1\jakarta.inject-api-2.0.1.jar;C:\Users\Mi\.m2\repository\org\antlr\antlr4-runtime\4.10.1\antlr4-runtime-4.10.1.jar;C:\Users\Mi\.m2\repository\org\springframework\data\spring-data-jpa\3.1.2\spring-data-jpa-3.1.2.jar;C:\Users\Mi\.m2\repository\org\springframework\data\spring-data-commons\3.1.2\spring-data-commons-3.1.2.jar;C:\Users\Mi\.m2\repository\org\springframework\spring-orm\6.0.11\spring-orm-6.0.11.jar;C:\Users\Mi\.m2\repository\org\springframework\spring-tx\6.0.11\spring-tx-6.0.11.jar;C:\Users\Mi\.m2\repository\org\springframework\spring-aspects\6.0.11\spring-aspects-6.0.11.jar;C:\Users\Mi\.m2\repository\org\postgresql\postgresql\42.6.0\postgresql-42.6.0.jar;C:\Users\Mi\.m2\repository\org\checkerframework\checker-qual\3.31.0\checker-qual-3.31.0.jar;C:\Users\Mi\.m2\repository\org\mapstruct\mapstruct\1.5.5.Final\mapstruct-1.5.5.Final.jar;C:\Users\Mi\.m2\repository\org\apache\logging\log4j\log4j-api\2.20.0\log4j-api-2.20.0.jar;C:\Users\Mi\.m2\repository\org\hibernate\orm\hibernate-jpamodelgen\6.1.7.Final\hibernate-jpamodelgen-6.1.7.Final.jar;C:\Users\Mi\.m2\repository\org\jboss\logging\jboss-logging\3.5.3.Final\jboss-logging-3.5.3.Final.jar;C:\Users\Mi\.m2\repository\org\glassfish\jaxb\jaxb-runtime\4.0.3\jaxb-runtime-4.0.3.jar;C:\Users\Mi\.m2\repository\org\glassfish\jaxb\jaxb-core\4.0.3\jaxb-core-4.0.3.jar;C:\Users\Mi\.m2\repository\org\glassfish\jaxb\txw2\4.0.3\txw2-4.0.3.jar;C:\Users\Mi\.m2\repository\com\sun\istack\istack-commons-runtime\4.1.2\istack-commons-runtime-4.1.2.jar;C:\Users\Mi\.m2\repository\com\opencsv\opencsv\5.7.1\opencsv-5.7.1.jar;C:\Users\Mi\.m2\repository\org\apache\commons\commons-text\1.10.0\commons-text-1.10.0.jar;C:\Users\Mi\.m2\repository\commons-beanutils\commons-beanutils\1.9.4\commons-beanutils-1.9.4.jar;C:\Users\Mi\.m2\repository\commons-collections\commons-collections\3.2.2\commons-collections-3.2.2.jar;C:\Users\Mi\.m2\repository\org\apache\commons\commons-collections4\4.4\commons-collections4-4.4.jar;C:\Users\Mi\.m2\repository\org\springframework\boot\spring-boot-starter-cache\3.1.1\spring-boot-starter-cache-3.1.1.jar;C:\Users\Mi\.m2\repository\org\springframework\boot\spring-boot-starter-data-redis\3.1.2\spring-boot-starter-data-redis-3.1.2.jar;C:\Users\Mi\.m2\repository\org\springframework\data\spring-data-redis\3.1.2\spring-data-redis-3.1.2.jar;C:\Users\Mi\.m2\repository\org\springframework\data\spring-data-keyvalue\3.1.2\spring-data-keyvalue-3.1.2.jar;C:\Users\Mi\.m2\repository\org\springframework\spring-oxm\6.0.11\spring-oxm-6.0.11.jar;C:\Users\Mi\.m2\repository\io\lettuce\lettuce-core\6.2.5.RELEASE\lettuce-core-6.2.5.RELEASE.jar;C:\Users\Mi\.m2\repository\io\netty\netty-common\4.1.94.Final\netty-common-4.1.94.Final.jar;C:\Users\Mi\.m2\repository\io\netty\netty-handler\4.1.94.Final\netty-handler-4.1.94.Final.jar;C:\Users\Mi\.m2\repository\io\netty\netty-resolver\4.1.94.Final\netty-resolver-4.1.94.Final.jar;C:\Users\Mi\.m2\repository\io\netty\netty-buffer\4.1.94.Final\netty-buffer-4.1.94.Final.jar;C:\Users\Mi\.m2\repository\io\netty\netty-transport-native-unix-common\4.1.94.Final\netty-transport-native-unix-common-4.1.94.Final.jar;C:\Users\Mi\.m2\repository\io\netty\netty-codec\4.1.94.Final\netty-codec-4.1.94.Final.jar;C:\Users\Mi\.m2\repository\io\netty\netty-transport\4.1.94.Final\netty-transport-4.1.94.Final.jar;C:\Users\Mi\.m2\repository\io\projectreactor\reactor-core\3.5.8\reactor-core-3.5.8.jar;C:\Users\Mi\.m2\repository\org\reactivestreams\reactive-streams\1.0.4\reactive-streams-1.0.4.jar;"/>
    <property name="java.vm.vendor" value="Oracle Corporation"/>
    <property name="sun.arch.data.model" value="64"/>
    <property name="user.variant" value=""/>
    <property name="java.vendor.url" value="https://java.oracle.com/"/>
    <property name="user.timezone" value="Europe/Moscow"/>
    <property name="org.jboss.logging.provider" value="slf4j"/>
    <property name="os.name" value="Windows 11"/>
    <property name="java.vm.specification.version" value="18"/>
    <property name="sun.java.launcher" value="SUN_STANDARD"/>
    <property name="user.country" value="RU"/>
    <property name="sun.boot.library.path" value="C:\Users\Mi\.jdks\openjdk-18.0.2\bin"/>
    <property name="sun.java.command" value="C:\Users\Mi\AppData\Local\Temp\surefire16632339144681789167\surefirebooter-20231219013202618_3.jar C:\Users\Mi\AppData\Local\Temp\surefire16632339144681789167 2023-12-19T01-31-52_526-jvmRun1 surefire-20231219013202618_1tmp surefire_0-20231219013202618_2tmp"/>
    <property name="jdk.debug" value="release"/>
    <property name="surefire.test.class.path" value="D:\Repository\tms\task-management-system\impl\target\test-classes;D:\Repository\tms\task-management-system\impl\target\classes;C:\Users\Mi\.m2\repository\org\springframework\cloud\spring-cloud-starter-kubernetes-client-config\2.1.1\spring-cloud-starter-kubernetes-client-config-2.1.1.jar;C:\Users\Mi\.m2\repository\org\springframework\cloud\spring-cloud-kubernetes-commons\2.1.1\spring-cloud-kubernetes-commons-2.1.1.jar;C:\Users\Mi\.m2\repository\org\springframework\cloud\spring-cloud-commons\3.1.1\spring-cloud-commons-3.1.1.jar;C:\Users\Mi\.m2\repository\org\springframework\cloud\spring-cloud-context\3.1.1\spring-cloud-context-3.1.1.jar;C:\Users\Mi\.m2\repository\javax\annotation\javax.annotation-api\1.3.2\javax.annotation-api-1.3.2.jar;C:\Users\Mi\.m2\repository\org\springframework\cloud\spring-cloud-kubernetes-client-autoconfig\2.1.1\spring-cloud-kubernetes-client-autoconfig-2.1.1.jar;C:\Users\Mi\.m2\repository\io\kubernetes\client-java\13.0.2\client-java-13.0.2.jar;C:\Users\Mi\.m2\repository\io\prometheus\simpleclient\0.16.0\simpleclient-0.16.0.jar;C:\Users\Mi\.m2\repository\io\prometheus\simpleclient_tracer_otel\0.16.0\simpleclient_tracer_otel-0.16.0.jar;C:\Users\Mi\.m2\repository\io\prometheus\simpleclient_tracer_common\0.16.0\simpleclient_tracer_common-0.16.0.jar;C:\Users\Mi\.m2\repository\io\prometheus\simpleclient_tracer_otel_agent\0.16.0\simpleclient_tracer_otel_agent-0.16.0.jar;C:\Users\Mi\.m2\repository\io\prometheus\simpleclient_httpserver\0.16.0\simpleclient_httpserver-0.16.0.jar;C:\Users\Mi\.m2\repository\io\prometheus\simpleclient_common\0.16.0\simpleclient_common-0.16.0.jar;C:\Users\Mi\.m2\repository\io\kubernetes\client-java-api\13.0.2\client-java-api-13.0.2.jar;C:\Users\Mi\.m2\repository\com\squareup\okhttp3\okhttp\4.10.0\okhttp-4.10.0.jar;C:\Users\Mi\.m2\repository\com\squareup\okio\okio-jvm\3.0.0\okio-jvm-3.0.0.jar;C:\Users\Mi\.m2\repository\org\jetbrains\kotlin\kotlin-stdlib-common\1.8.22\kotlin-stdlib-common-1.8.22.jar;C:\Users\Mi\.m2\repository\org\jetbrains\kotlin\kotlin-stdlib\1.8.22\kotlin-stdlib-1.8.22.jar;C:\Users\Mi\.m2\repository\com\squareup\okhttp3\logging-interceptor\4.10.0\logging-interceptor-4.10.0.jar;C:\Users\Mi\.m2\repository\org\jetbrains\kotlin\kotlin-stdlib-jdk8\1.8.22\kotlin-stdlib-jdk8-1.8.22.jar;C:\Users\Mi\.m2\repository\org\jetbrains\kotlin\kotlin-stdlib-jdk7\1.8.22\kotlin-stdlib-jdk7-1.8.22.jar;C:\Users\Mi\.m2\repository\com\google\code\gson\gson\2.10.1\gson-2.10.1.jar;C:\Users\Mi\.m2\repository\io\gsonfire\gson-fire\1.8.5\gson-fire-1.8.5.jar;C:\Users\Mi\.m2\repository\com\google\code\findbugs\jsr305\3.0.2\jsr305-3.0.2.jar;C:\Users\Mi\.m2\repository\io\kubernetes\client-java-proto\13.0.2\client-java-proto-13.0.2.jar;C:\Users\Mi\.m2\repository\org\bouncycastle\bcprov-ext-jdk15on\1.69\bcprov-ext-jdk15on-1.69.jar;C:\Users\Mi\.m2\repository\org\bouncycastle\bcpkix-jdk15on\1.69\bcpkix-jdk15on-1.69.jar;C:\Users\Mi\.m2\repository\org\bouncycastle\bcprov-jdk15on\1.69\bcprov-jdk15on-1.69.jar;C:\Users\Mi\.m2\repository\org\bouncycastle\bcutil-jdk15on\1.69\bcutil-jdk15on-1.69.jar;C:\Users\Mi\.m2\repository\com\google\protobuf\protobuf-java\3.17.3\protobuf-java-3.17.3.jar;C:\Users\Mi\.m2\repository\org\bitbucket\b_c\jose4j\0.7.8\jose4j-0.7.8.jar;C:\Users\Mi\.m2\repository\io\kubernetes\client-java-extended\13.0.2\client-java-extended-13.0.2.jar;C:\Users\Mi\.m2\repository\io\kubernetes\client-java-api-fluent\13.0.2\client-java-api-fluent-13.0.2.jar;C:\Users\Mi\.m2\repository\com\github\vladimir-bukhtoyarov\bucket4j-core\6.2.0\bucket4j-core-6.2.0.jar;C:\Users\Mi\.m2\repository\com\flipkart\zjsonpatch\zjsonpatch\0.4.11\zjsonpatch-0.4.11.jar;C:\Users\Mi\.m2\repository\com\github\ben-manes\caffeine\caffeine\3.1.6\caffeine-3.1.6.jar;C:\Users\Mi\.m2\repository\com\google\errorprone\error_prone_annotations\2.18.0\error_prone_annotations-2.18.0.jar;C:\Users\Mi\.m2\repository\io\kubernetes\client-java-spring-integration\13.0.2\client-java-spring-integration-13.0.2.jar;C:\Users\Mi\.m2\repository\org\springframework\boot\spring-boot-actuator\3.1.2\spring-boot-actuator-3.1.2.jar;C:\Users\Mi\.m2\repository\org\springframework\cloud\spring-cloud-kubernetes-client-config\2.1.1\spring-cloud-kubernetes-client-config-2.1.1.jar;C:\Users\Mi\.m2\repository\org\springframework\cloud\spring-cloud-starter\3.1.1\spring-cloud-starter-3.1.1.jar;C:\Users\Mi\.m2\repository\org\springframework\security\spring-security-rsa\1.0.10.RELEASE\spring-security-rsa-1.0.10.RELEASE.jar;C:\Users\Mi\.m2\repository\org\springframework\cloud\spring-cloud-starter-bootstrap\3.1.1\spring-cloud-starter-bootstrap-3.1.1.jar;D:\Repository\tms\task-management-system\api\target\task.management-api-1.0.0-SNAPSHOT.jar;C:\Users\Mi\.m2\repository\io\swagger\core\v3\swagger-annotations\2.2.18\swagger-annotations-2.2.18.jar;C:\Users\Mi\.m2\repository\io\swagger\swagger-annotations\1.6.2\swagger-annotations-1.6.2.jar;D:\Repository\tms\task-management-system\db\target\task.management-db-1.0.0-SNAPSHOT.jar;C:\Users\Mi\.m2\repository\org\liquibase\liquibase-core\4.20.0\liquibase-core-4.20.0.jar;C:\Users\Mi\.m2\repository\javax\xml\bind\jaxb-api\2.3.1\jaxb-api-2.3.1.jar;C:\Users\Mi\.m2\repository\javax\activation\javax.activation-api\1.2.0\javax.activation-api-1.2.0.jar;C:\Users\Mi\.m2\repository\org\json\json\20230618\json-20230618.jar;C:\Users\Mi\.m2\repository\commons-io\commons-io\2.13.0\commons-io-2.13.0.jar;C:\Users\Mi\.m2\repository\cn\apiclub\tool\simplecaptcha\1.2.2\simplecaptcha-1.2.2.jar;C:\Users\Mi\.m2\repository\org\springframework\boot\spring-boot-starter-security\3.1.2\spring-boot-starter-security-3.1.2.jar;C:\Users\Mi\.m2\repository\org\springframework\boot\spring-boot-starter\3.1.2\spring-boot-starter-3.1.2.jar;C:\Users\Mi\.m2\repository\org\springframework\boot\spring-boot\3.1.2\spring-boot-3.1.2.jar;C:\Users\Mi\.m2\repository\org\springframework\boot\spring-boot-starter-logging\3.1.2\spring-boot-starter-logging-3.1.2.jar;C:\Users\Mi\.m2\repository\ch\qos\logback\logback-classic\1.4.8\logback-classic-1.4.8.jar;C:\Users\Mi\.m2\repository\ch\qos\logback\logback-core\1.4.8\logback-core-1.4.8.jar;C:\Users\Mi\.m2\repository\org\apache\logging\log4j\log4j-to-slf4j\2.20.0\log4j-to-slf4j-2.20.0.jar;C:\Users\Mi\.m2\repository\org\slf4j\jul-to-slf4j\2.0.7\jul-to-slf4j-2.0.7.jar;C:\Users\Mi\.m2\repository\jakarta\annotation\jakarta.annotation-api\2.1.1\jakarta.annotation-api-2.1.1.jar;C:\Users\Mi\.m2\repository\org\springframework\spring-aop\6.0.11\spring-aop-6.0.11.jar;C:\Users\Mi\.m2\repository\org\springframework\spring-beans\6.0.11\spring-beans-6.0.11.jar;C:\Users\Mi\.m2\repository\org\springframework\security\spring-security-config\6.1.2\spring-security-config-6.1.2.jar;C:\Users\Mi\.m2\repository\org\springframework\spring-context\6.0.11\spring-context-6.0.11.jar;C:\Users\Mi\.m2\repository\org\springframework\security\spring-security-web\6.1.2\spring-security-web-6.1.2.jar;C:\Users\Mi\.m2\repository\org\springframework\spring-expression\6.0.11\spring-expression-6.0.11.jar;C:\Users\Mi\.m2\repository\org\springframework\boot\spring-boot-starter-mail\3.1.2\spring-boot-starter-mail-3.1.2.jar;C:\Users\Mi\.m2\repository\org\springframework\spring-context-support\6.0.11\spring-context-support-6.0.11.jar;C:\Users\Mi\.m2\repository\org\eclipse\angus\jakarta.mail\1.1.0\jakarta.mail-1.1.0.jar;C:\Users\Mi\.m2\repository\jakarta\activation\jakarta.activation-api\2.1.2\jakarta.activation-api-2.1.2.jar;C:\Users\Mi\.m2\repository\org\eclipse\angus\angus-activation\2.0.1\angus-activation-2.0.1.jar;C:\Users\Mi\.m2\repository\org\springframework\boot\spring-boot-starter-oauth2-resource-server\3.1.2\spring-boot-starter-oauth2-resource-server-3.1.2.jar;C:\Users\Mi\.m2\repository\org\springframework\security\spring-security-core\6.1.2\spring-security-core-6.1.2.jar;C:\Users\Mi\.m2\repository\org\springframework\security\spring-security-crypto\6.1.2\spring-security-crypto-6.1.2.jar;C:\Users\Mi\.m2\repository\io\micrometer\micrometer-observation\1.11.2\micrometer-observation-1.11.2.jar;C:\Users\Mi\.m2\repository\io\micrometer\micrometer-commons\1.11.2\micrometer-commons-1.11.2.jar;C:\Users\Mi\.m2\repository\org\springframework\security\spring-security-oauth2-resource-server\6.1.2\spring-security-oauth2-resource-server-6.1.2.jar;C:\Users\Mi\.m2\repository\org\springframework\security\spring-security-oauth2-core\6.1.2\spring-security-oauth2-core-6.1.2.jar;C:\Users\Mi\.m2\repository\org\springframework\security\spring-security-oauth2-jose\6.1.2\spring-security-oauth2-jose-6.1.2.jar;C:\Users\Mi\.m2\repository\com\nimbusds\nimbus-jose-jwt\9.31\nimbus-jose-jwt-9.31.jar;C:\Users\Mi\.m2\repository\com\github\stephenc\jcip\jcip-annotations\1.0-1\jcip-annotations-1.0-1.jar;C:\Users\Mi\.m2\repository\io\jsonwebtoken\jjwt-api\0.11.5\jjwt-api-0.11.5.jar;C:\Users\Mi\.m2\repository\io\jsonwebtoken\jjwt-impl\0.11.5\jjwt-impl-0.11.5.jar;C:\Users\Mi\.m2\repository\io\jsonwebtoken\jjwt-jackson\0.11.5\jjwt-jackson-0.11.5.jar;C:\Users\Mi\.m2\repository\com\fasterxml\jackson\core\jackson-databind\2.15.2\jackson-databind-2.15.2.jar;C:\Users\Mi\.m2\repository\com\fasterxml\jackson\core\jackson-core\2.15.2\jackson-core-2.15.2.jar;C:\Users\Mi\.m2\repository\org\springframework\boot\spring-boot-starter-websocket\3.1.3\spring-boot-starter-websocket-3.1.3.jar;C:\Users\Mi\.m2\repository\org\springframework\spring-messaging\6.0.11\spring-messaging-6.0.11.jar;C:\Users\Mi\.m2\repository\org\springframework\spring-websocket\6.0.11\spring-websocket-6.0.11.jar;D:\Repository\tms\task-management-system\domain\target\task.management-domain-1.0.0-SNAPSHOT.jar;C:\Users\Mi\.m2\repository\org\hibernate\orm\hibernate-envers\6.2.6.Final\hibernate-envers-6.2.6.Final.jar;C:\Users\Mi\.m2\repository\org\hibernate\common\hibernate-commons-annotations\6.0.6.Final\hibernate-commons-annotations-6.0.6.Final.jar;C:\Users\Mi\.m2\repository\io\smallrye\jandex\3.0.5\jandex-3.0.5.jar;C:\Users\Mi\.m2\repository\org\apache\logging\log4j\log4j-core\2.18.0\log4j-core-2.18.0.jar;C:\Users\Mi\.m2\repository\org\modelmapper\modelmapper\3.1.1\modelmapper-3.1.1.jar;C:\Users\Mi\.m2\repository\commons-logging\commons-logging\1.1.1\commons-logging-1.1.1.jar;C:\Users\Mi\.m2\repository\log4j\log4j\1.2.17\log4j-1.2.17.jar;C:\Users\Mi\.m2\repository\com\cloudinary\cloudinary-http44\1.34.0\cloudinary-http44-1.34.0.jar;C:\Users\Mi\.m2\repository\com\cloudinary\cloudinary-core\1.34.0\cloudinary-core-1.34.0.jar;C:\Users\Mi\.m2\repository\org\apache\commons\commons-lang3\3.12.0\commons-lang3-3.12.0.jar;C:\Users\Mi\.m2\repository\org\apache\httpcomponents\httpclient\4.4\httpclient-4.4.jar;C:\Users\Mi\.m2\repository\org\apache\httpcomponents\httpcore\4.4.16\httpcore-4.4.16.jar;C:\Users\Mi\.m2\repository\commons-codec\commons-codec\1.15\commons-codec-1.15.jar;C:\Users\Mi\.m2\repository\org\apache\httpcomponents\httpmime\4.4\httpmime-4.4.jar;C:\Users\Mi\.m2\repository\org\testcontainers\junit-jupiter\1.18.3\junit-jupiter-1.18.3.jar;C:\Users\Mi\.m2\repository\org\testcontainers\testcontainers\1.18.3\testcontainers-1.18.3.jar;C:\Users\Mi\.m2\repository\org\apache\commons\commons-compress\1.23.0\commons-compress-1.23.0.jar;C:\Users\Mi\.m2\repository\org\rnorth\duct-tape\duct-tape\1.0.8\duct-tape-1.0.8.jar;C:\Users\Mi\.m2\repository\org\jetbrains\annotations\17.0.0\annotations-17.0.0.jar;C:\Users\Mi\.m2\repository\com\github\docker-java\docker-java-api\3.3.0\docker-java-api-3.3.0.jar;C:\Users\Mi\.m2\repository\com\github\docker-java\docker-java-transport-zerodep\3.3.0\docker-java-transport-zerodep-3.3.0.jar;C:\Users\Mi\.m2\repository\com\github\docker-java\docker-java-transport\3.3.0\docker-java-transport-3.3.0.jar;C:\Users\Mi\.m2\repository\net\java\dev\jna\jna\5.12.1\jna-5.12.1.jar;C:\Users\Mi\.m2\repository\org\testcontainers\postgresql\1.18.3\postgresql-1.18.3.jar;C:\Users\Mi\.m2\repository\org\testcontainers\jdbc\1.18.3\jdbc-1.18.3.jar;C:\Users\Mi\.m2\repository\org\testcontainers\database-commons\1.18.3\database-commons-1.18.3.jar;C:\Users\Mi\.m2\repository\org\springframework\boot\spring-boot-starter-test\3.1.2\spring-boot-starter-test-3.1.2.jar;C:\Users\Mi\.m2\repository\org\springframework\boot\spring-boot-test\3.1.2\spring-boot-test-3.1.2.jar;C:\Users\Mi\.m2\repository\org\springframework\boot\spring-boot-test-autoconfigure\3.1.2\spring-boot-test-autoconfigure-3.1.2.jar;C:\Users\Mi\.m2\repository\com\jayway\jsonpath\json-path\2.8.0\json-path-2.8.0.jar;C:\Users\Mi\.m2\repository\jakarta\xml\bind\jakarta.xml.bind-api\4.0.0\jakarta.xml.bind-api-4.0.0.jar;C:\Users\Mi\.m2\repository\net\minidev\json-smart\2.4.11\json-smart-2.4.11.jar;C:\Users\Mi\.m2\repository\net\minidev\accessors-smart\2.4.11\accessors-smart-2.4.11.jar;C:\Users\Mi\.m2\repository\org\ow2\asm\asm\9.3\asm-9.3.jar;C:\Users\Mi\.m2\repository\org\assertj\assertj-core\3.24.2\assertj-core-3.24.2.jar;C:\Users\Mi\.m2\repository\org\hamcrest\hamcrest\2.2\hamcrest-2.2.jar;C:\Users\Mi\.m2\repository\org\junit\jupiter\junit-jupiter\5.9.3\junit-jupiter-5.9.3.jar;C:\Users\Mi\.m2\repository\org\junit\jupiter\junit-jupiter-params\5.9.3\junit-jupiter-params-5.9.3.jar;C:\Users\Mi\.m2\repository\org\junit\jupiter\junit-jupiter-engine\5.9.3\junit-jupiter-engine-5.9.3.jar;C:\Users\Mi\.m2\repository\org\junit\platform\junit-platform-engine\1.9.3\junit-platform-engine-1.9.3.jar;C:\Users\Mi\.m2\repository\org\skyscreamer\jsonassert\1.5.1\jsonassert-1.5.1.jar;C:\Users\Mi\.m2\repository\com\vaadin\external\google\android-json\0.0.20131108.vaadin1\android-json-0.0.20131108.vaadin1.jar;C:\Users\Mi\.m2\repository\org\springframework\spring-core\6.0.11\spring-core-6.0.11.jar;C:\Users\Mi\.m2\repository\org\springframework\spring-jcl\6.0.11\spring-jcl-6.0.11.jar;C:\Users\Mi\.m2\repository\org\springframework\spring-test\6.0.11\spring-test-6.0.11.jar;C:\Users\Mi\.m2\repository\org\xmlunit\xmlunit-core\2.9.1\xmlunit-core-2.9.1.jar;C:\Users\Mi\.m2\repository\junit\junit\4.13.2\junit-4.13.2.jar;C:\Users\Mi\.m2\repository\org\hamcrest\hamcrest-core\2.2\hamcrest-core-2.2.jar;C:\Users\Mi\.m2\repository\org\junit\jupiter\junit-jupiter-api\5.9.3\junit-jupiter-api-5.9.3.jar;C:\Users\Mi\.m2\repository\org\opentest4j\opentest4j\1.2.0\opentest4j-1.2.0.jar;C:\Users\Mi\.m2\repository\org\junit\platform\junit-platform-commons\1.9.3\junit-platform-commons-1.9.3.jar;C:\Users\Mi\.m2\repository\org\apiguardian\apiguardian-api\1.1.2\apiguardian-api-1.1.2.jar;C:\Users\Mi\.m2\repository\org\mockito\mockito-core\5.3.1\mockito-core-5.3.1.jar;C:\Users\Mi\.m2\repository\net\bytebuddy\byte-buddy\1.14.5\byte-buddy-1.14.5.jar;C:\Users\Mi\.m2\repository\net\bytebuddy\byte-buddy-agent\1.14.5\byte-buddy-agent-1.14.5.jar;C:\Users\Mi\.m2\repository\org\objenesis\objenesis\3.3\objenesis-3.3.jar;C:\Users\Mi\.m2\repository\org\mockito\mockito-junit-jupiter\5.3.1\mockito-junit-jupiter-5.3.1.jar;C:\Users\Mi\.m2\repository\org\projectlombok\lombok\1.18.28\lombok-1.18.28.jar;C:\Users\Mi\.m2\repository\org\springframework\boot\spring-boot-testcontainers\3.1.2\spring-boot-testcontainers-3.1.2.jar;C:\Users\Mi\.m2\repository\org\springframework\boot\spring-boot-autoconfigure\3.1.2\spring-boot-autoconfigure-3.1.2.jar;C:\Users\Mi\.m2\repository\io\swagger\core\v3\swagger-core\2.2.18\swagger-core-2.2.18.jar;C:\Users\Mi\.m2\repository\org\slf4j\slf4j-api\2.0.7\slf4j-api-2.0.7.jar;C:\Users\Mi\.m2\repository\com\fasterxml\jackson\core\jackson-annotations\2.15.2\jackson-annotations-2.15.2.jar;C:\Users\Mi\.m2\repository\com\fasterxml\jackson\dataformat\jackson-dataformat-yaml\2.15.2\jackson-dataformat-yaml-2.15.2.jar;C:\Users\Mi\.m2\repository\com\fasterxml\jackson\datatype\jackson-datatype-jsr310\2.15.2\jackson-datatype-jsr310-2.15.2.jar;C:\Users\Mi\.m2\repository\org\yaml\snakeyaml\1.33\snakeyaml-1.33.jar;C:\Users\Mi\.m2\repository\io\swagger\core\v3\swagger-models\2.2.18\swagger-models-2.2.18.jar;C:\Users\Mi\.m2\repository\jakarta\validation\jakarta.validation-api\3.0.2\jakarta.validation-api-3.0.2.jar;C:\Users\Mi\.m2\repository\org\springdoc\springdoc-openapi-starter-webmvc-ui\2.0.4\springdoc-openapi-starter-webmvc-ui-2.0.4.jar;C:\Users\Mi\.m2\repository\org\springdoc\springdoc-openapi-starter-webmvc-api\2.0.4\springdoc-openapi-starter-webmvc-api-2.0.4.jar;C:\Users\Mi\.m2\repository\org\springdoc\springdoc-openapi-starter-common\2.0.4\springdoc-openapi-starter-common-2.0.4.jar;C:\Users\Mi\.m2\repository\io\swagger\core\v3\swagger-core-jakarta\2.2.8\swagger-core-jakarta-2.2.8.jar;C:\Users\Mi\.m2\repository\io\swagger\core\v3\swagger-annotations-jakarta\2.2.8\swagger-annotations-jakarta-2.2.8.jar;C:\Users\Mi\.m2\repository\io\swagger\core\v3\swagger-models-jakarta\2.2.8\swagger-models-jakarta-2.2.8.jar;C:\Users\Mi\.m2\repository\org\webjars\swagger-ui\4.18.1\swagger-ui-4.18.1.jar;C:\Users\Mi\.m2\repository\org\webjars\webjars-locator-core\0.52\webjars-locator-core-0.52.jar;C:\Users\Mi\.m2\repository\io\github\classgraph\classgraph\4.8.149\classgraph-4.8.149.jar;C:\Users\Mi\.m2\repository\org\springframework\boot\spring-boot-starter-web\3.1.2\spring-boot-starter-web-3.1.2.jar;C:\Users\Mi\.m2\repository\org\springframework\boot\spring-boot-starter-json\3.1.2\spring-boot-starter-json-3.1.2.jar;C:\Users\Mi\.m2\repository\com\fasterxml\jackson\datatype\jackson-datatype-jdk8\2.15.2\jackson-datatype-jdk8-2.15.2.jar;C:\Users\Mi\.m2\repository\com\fasterxml\jackson\module\jackson-module-parameter-names\2.15.2\jackson-module-parameter-names-2.15.2.jar;C:\Users\Mi\.m2\repository\org\springframework\boot\spring-boot-starter-tomcat\3.1.2\spring-boot-starter-tomcat-3.1.2.jar;C:\Users\Mi\.m2\repository\org\apache\tomcat\embed\tomcat-embed-core\10.1.11\tomcat-embed-core-10.1.11.jar;C:\Users\Mi\.m2\repository\org\apache\tomcat\embed\tomcat-embed-el\10.1.11\tomcat-embed-el-10.1.11.jar;C:\Users\Mi\.m2\repository\org\apache\tomcat\embed\tomcat-embed-websocket\10.1.11\tomcat-embed-websocket-10.1.11.jar;C:\Users\Mi\.m2\repository\org\springframework\spring-web\6.0.11\spring-web-6.0.11.jar;C:\Users\Mi\.m2\repository\org\springframework\spring-webmvc\6.0.11\spring-webmvc-6.0.11.jar;C:\Users\Mi\.m2\repository\org\springframework\boot\spring-boot-starter-data-jpa\3.1.2\spring-boot-starter-data-jpa-3.1.2.jar;C:\Users\Mi\.m2\repository\org\springframework\boot\spring-boot-starter-aop\3.1.2\spring-boot-starter-aop-3.1.2.jar;C:\Users\Mi\.m2\repository\org\aspectj\aspectjweaver\1.9.19\aspectjweaver-1.9.19.jar;C:\Users\Mi\.m2\repository\org\springframework\boot\spring-boot-starter-jdbc\3.1.2\spring-boot-starter-jdbc-3.1.2.jar;C:\Users\Mi\.m2\repository\com\zaxxer\HikariCP\5.0.1\HikariCP-5.0.1.jar;C:\Users\Mi\.m2\repository\org\springframework\spring-jdbc\6.0.11\spring-jdbc-6.0.11.jar;C:\Users\Mi\.m2\repository\org\hibernate\orm\hibernate-core\6.2.6.Final\hibernate-core-6.2.6.Final.jar;C:\Users\Mi\.m2\repository\jakarta\persistence\jakarta.persistence-api\3.1.0\jakarta.persistence-api-3.1.0.jar;C:\Users\Mi\.m2\repository\jakarta\transaction\jakarta.transaction-api\2.0.1\jakarta.transaction-api-2.0.1.jar;C:\Users\Mi\.m2\repository\com\fasterxml\classmate\1.5.1\classmate-1.5.1.jar;C:\Users\Mi\.m2\repository\jakarta\inject\jakarta.inject-api\2.0.1\jakarta.inject-api-2.0.1.jar;C:\Users\Mi\.m2\repository\org\antlr\antlr4-runtime\4.10.1\antlr4-runtime-4.10.1.jar;C:\Users\Mi\.m2\repository\org\springframework\data\spring-data-jpa\3.1.2\spring-data-jpa-3.1.2.jar;C:\Users\Mi\.m2\repository\org\springframework\data\spring-data-commons\3.1.2\spring-data-commons-3.1.2.jar;C:\Users\Mi\.m2\repository\org\springframework\spring-orm\6.0.11\spring-orm-6.0.11.jar;C:\Users\Mi\.m2\repository\org\springframework\spring-tx\6.0.11\spring-tx-6.0.11.jar;C:\Users\Mi\.m2\repository\org\springframework\spring-aspects\6.0.11\spring-aspects-6.0.11.jar;C:\Users\Mi\.m2\repository\org\postgresql\postgresql\42.6.0\postgresql-42.6.0.jar;C:\Users\Mi\.m2\repository\org\checkerframework\checker-qual\3.31.0\checker-qual-3.31.0.jar;C:\Users\Mi\.m2\repository\org\mapstruct\mapstruct\1.5.5.Final\mapstruct-1.5.5.Final.jar;C:\Users\Mi\.m2\repository\org\apache\logging\log4j\log4j-api\2.20.0\log4j-api-2.20.0.jar;C:\Users\Mi\.m2\repository\org\hibernate\orm\hibernate-jpamodelgen\6.1.7.Final\hibernate-jpamodelgen-6.1.7.Final.jar;C:\Users\Mi\.m2\repository\org\jboss\logging\jboss-logging\3.5.3.Final\jboss-logging-3.5.3.Final.jar;C:\Users\Mi\.m2\repository\org\glassfish\jaxb\jaxb-runtime\4.0.3\jaxb-runtime-4.0.3.jar;C:\Users\Mi\.m2\repository\org\glassfish\jaxb\jaxb-core\4.0.3\jaxb-core-4.0.3.jar;C:\Users\Mi\.m2\repository\org\glassfish\jaxb\txw2\4.0.3\txw2-4.0.3.jar;C:\Users\Mi\.m2\repository\com\sun\istack\istack-commons-runtime\4.1.2\istack-commons-runtime-4.1.2.jar;C:\Users\Mi\.m2\repository\com\opencsv\opencsv\5.7.1\opencsv-5.7.1.jar;C:\Users\Mi\.m2\repository\org\apache\commons\commons-text\1.10.0\commons-text-1.10.0.jar;C:\Users\Mi\.m2\repository\commons-beanutils\commons-beanutils\1.9.4\commons-beanutils-1.9.4.jar;C:\Users\Mi\.m2\repository\commons-collections\commons-collections\3.2.2\commons-collections-3.2.2.jar;C:\Users\Mi\.m2\repository\org\apache\commons\commons-collections4\4.4\commons-collections4-4.4.jar;C:\Users\Mi\.m2\repository\org\springframework\boot\spring-boot-starter-cache\3.1.1\spring-boot-starter-cache-3.1.1.jar;C:\Users\Mi\.m2\repository\org\springframework\boot\spring-boot-starter-data-redis\3.1.2\spring-boot-starter-data-redis-3.1.2.jar;C:\Users\Mi\.m2\repository\org\springframework\data\spring-data-redis\3.1.2\spring-data-redis-3.1.2.jar;C:\Users\Mi\.m2\repository\org\springframework\data\spring-data-keyvalue\3.1.2\spring-data-keyvalue-3.1.2.jar;C:\Users\Mi\.m2\repository\org\springframework\spring-oxm\6.0.11\spring-oxm-6.0.11.jar;C:\Users\Mi\.m2\repository\io\lettuce\lettuce-core\6.2.5.RELEASE\lettuce-core-6.2.5.RELEASE.jar;C:\Users\Mi\.m2\repository\io\netty\netty-common\4.1.94.Final\netty-common-4.1.94.Final.jar;C:\Users\Mi\.m2\repository\io\netty\netty-handler\4.1.94.Final\netty-handler-4.1.94.Final.jar;C:\Users\Mi\.m2\repository\io\netty\netty-resolver\4.1.94.Final\netty-resolver-4.1.94.Final.jar;C:\Users\Mi\.m2\repository\io\netty\netty-buffer\4.1.94.Final\netty-buffer-4.1.94.Final.jar;C:\Users\Mi\.m2\repository\io\netty\netty-transport-native-unix-common\4.1.94.Final\netty-transport-native-unix-common-4.1.94.Final.jar;C:\Users\Mi\.m2\repository\io\netty\netty-codec\4.1.94.Final\netty-codec-4.1.94.Final.jar;C:\Users\Mi\.m2\repository\io\netty\netty-transport\4.1.94.Final\netty-transport-4.1.94.Final.jar;C:\Users\Mi\.m2\repository\io\projectreactor\reactor-core\3.5.8\reactor-core-3.5.8.jar;C:\Users\Mi\.m2\repository\org\reactivestreams\reactive-streams\1.0.4\reactive-streams-1.0.4.jar;"/>
    <property name="sun.cpu.endian" value="little"/>
    <property name="user.home" value="C:\Users\Mi"/>
    <property name="user.language" value="ru"/>
    <property name="java.specification.vendor" value="Oracle Corporation"/>
    <property name="java.version.date" value="2022-07-19"/>
    <property name="java.home" value="C:\Users\Mi\.jdks\openjdk-18.0.2"/>
    <property name="file.separator" value="\"/>
    <property name="basedir" value="D:\Repository\tms\task-management-system\impl"/>
    <property name="java.vm.compressedOopsMode" value="Zero based"/>
    <property name="line.separator" value="&#10;"/>
    <property name="java.vm.specification.vendor" value="Oracle Corporation"/>
    <property name="java.specification.name" value="Java Platform API Specification"/>
    <property name="FILE_LOG_CHARSET" value="UTF-8"/>
    <property name="java.awt.headless" value="true"/>
    <property name="surefire.real.class.path" value="C:\Users\Mi\AppData\Local\Temp\surefire16632339144681789167\surefirebooter-20231219013202618_3.jar"/>
    <property name="user.script" value=""/>
    <property name="sun.management.compiler" value="HotSpot 64-Bit Tiered Compilers"/>
    <property name="java.runtime.version" value="18.0.2+9-61"/>
    <property name="user.name" value="Mi"/>
    <property name="path.separator" value=";"/>
    <property name="os.version" value="10.0"/>
    <property name="java.runtime.name" value="OpenJDK Runtime Environment"/>
    <property name="file.encoding" value="UTF-8"/>
    <property name="java.vm.name" value="OpenJDK 64-Bit Server VM"/>
    <property name="localRepository" value="C:\Users\Mi\.m2\repository"/>
    <property name="java.vendor.url.bug" value="https://bugreport.java.com/bugreport/"/>
    <property name="java.io.tmpdir" value="C:\Users\Mi\AppData\Local\Temp\"/>
    <property name="idea.version" value="2022.2"/>
    <property name="com.zaxxer.hikari.pool_number" value="2"/>
    <property name="java.version" value="18.0.2"/>
    <property name="user.dir" value="D:\Repository\tms\task-management-system\impl"/>
    <property name="os.arch" value="amd64"/>
    <property name="java.vm.specification.name" value="Java Virtual Machine Specification"/>
    <property name="PID" value="2052"/>
    <property name="sun.os.patch.level" value=""/>
    <property name="CONSOLE_LOG_CHARSET" value="UTF-8"/>
    <property name="native.encoding" value="Cp1252"/>
    <property name="java.library.path" value="C:\Users\Mi\.jdks\openjdk-18.0.2\bin;C:\WINDOWS\Sun\Java\bin;C:\WINDOWS\system32;C:\WINDOWS;C:\Program Files\Common Files\Oracle\Java\javapath;C:\WINDOWS\system32;C:\WINDOWS;C:\WINDOWS\System32\Wbem;C:\WINDOWS\System32\WindowsPowerShell\v1.0\;C:\WINDOWS\System32\OpenSSH\;C:\Program Files\dotnet\;C:\Program Files\Git\cmd;C:\ProgramData\chocolatey\bin;;C:\Users\Mi\AppData\Local\Microsoft\WindowsApps;C:\Users\Mi\AppData\Local\Programs\Microsoft VS Code\bin;%ProgramData\Microsoft\Windows\Start Menu\Programs%\Git;C:\Program Files\Docker\Docker\resources\bin;C:\Program Files\NVIDIA Corporation\NVIDIA NvDLISR;C:\Program Files (x86)\NVIDIA Corporation\PhysX\Common;C:\Program Files\Kubernetes\Minikube;;C:\minikube;C:\Program Files\nodejs\;C:\Users\Mi\AppData\Local\Microsoft\WindowsApps;;C:\Users\Mi\AppData\Local\Programs\Microsoft VS Code\bin;C:\Program Files\liquibase;C:\Users\Mi\Documents\WindowsPowerShell\Scripts;C:\Users\Mi\AppData\Roaming\npm;."/>
    <property name="java.vm.info" value="mixed mode, sharing"/>
    <property name="java.vendor" value="Oracle Corporation"/>
    <property name="java.vm.version" value="18.0.2+9-61"/>
    <property name="sun.io.unicode.encoding" value="UnicodeLittle"/>
    <property name="java.class.version" value="62.0"/>
  </properties>
  <testcase name="deleteByIdException" classname="ru.kolivim.myproject.task.management.system.impl.TaskServiceTest" time="0.639">
    <system-out><![CDATA[2023-12-19T01:32:29.690+03:00  INFO 2052 --- [           main] tc.postgres:15                           : Creating container for image: postgres:15
2023-12-19T01:32:29.807+03:00  INFO 2052 --- [           main] tc.postgres:15                           : Container postgres:15 is starting: 5f71a91357afa4d78f4e0df2e162c4f26a4b35b696580befae8c70386fc0c4b8
2023-12-19T01:32:32.262+03:00  INFO 2052 --- [           main] tc.postgres:15                           : Container postgres:15 started in PT2.5726127S
2023-12-19T01:32:32.263+03:00  INFO 2052 --- [           main] tc.postgres:15                           : Container is started (JDBC URL: jdbc:postgresql://localhost:62957/test?loggerLevel=OFF)
2023-12-19T01:32:32.265+03:00  INFO 2052 --- [           main] org.testcontainers.ext.ScriptUtils       : Executing database script from ru/kolivim/myproject/task/management/system/impl/schema.sql
2023-12-19T01:32:32.442+03:00  INFO 2052 --- [           main] org.testcontainers.ext.ScriptUtils       : Executed database script from ru/kolivim/myproject/task/management/system/impl/schema.sql in 177 ms.
2023-12-19T01:32:32.453+03:00  INFO 2052 --- [           main] t.c.s.AnnotationConfigContextLoaderUtils : Could not detect default configuration classes for test class [ru.kolivim.myproject.task.management.system.impl.TaskServiceTest]: TaskServiceTest does not declare any static, non-private, non-final, nested classes annotated with @Configuration.
2023-12-19T01:32:32.479+03:00  INFO 2052 --- [           main] .b.t.c.SpringBootTestContextBootstrapper : Found @SpringBootConfiguration ru.kolivim.myproject.task.management.system.impl.Application for test class ru.kolivim.myproject.task.management.system.impl.TaskServiceTest
2023-12-19T01:32:32.974+03:00  WARN 2052 --- [           main] ubernetesProfileEnvironmentPostProcessor : Not running inside kubernetes. Skipping 'kubernetes' profile activation.
\ |   |          |   *             *
/ |  |     __    |                      ___  ___
\ |_|     |  |   |   |    \    /   |   |   |/   |
/ |  |    |  |   |   |     \  /    |   |   |    |
\ |   |   |__|   |   |      \/     |   |   |    |
/

2023-12-19T01:32:33.546+03:00  WARN 2052 --- [           main] ory$DuplicateJsonObjectContextCustomizer : 

Found multiple occurrences of org.json.JSONObject on the class path:

	jar:file:/C:/Users/Mi/.m2/repository/org/json/json/20230618/json-20230618.jar!/org/json/JSONObject.class
	jar:file:/C:/Users/Mi/.m2/repository/com/vaadin/external/google/android-json/0.0.20131108.vaadin1/android-json-0.0.20131108.vaadin1.jar!/org/json/JSONObject.class

You may wish to exclude one of them to ensure predictable runtime behavior

2023-12-19T01:32:33.556+03:00  WARN 2052 --- [           main] ubernetesProfileEnvironmentPostProcessor : Not running inside kubernetes. Skipping 'kubernetes' profile activation.
2023-12-19T01:32:33.557+03:00  INFO 2052 --- [           main] r.k.m.t.m.system.impl.TaskServiceTest    : The following 1 profile is active: "testaccount"
2023-12-19T01:32:34.143+03:00  INFO 2052 --- [           main] .s.d.r.c.RepositoryConfigurationDelegate : Multiple Spring Data modules found, entering strict repository configuration mode
2023-12-19T01:32:34.143+03:00  INFO 2052 --- [           main] .s.d.r.c.RepositoryConfigurationDelegate : Bootstrapping Spring Data JPA repositories in DEFAULT mode.
2023-12-19T01:32:34.237+03:00  INFO 2052 --- [           main] .s.d.r.c.RepositoryConfigurationDelegate : Finished Spring Data repository scanning in 93 ms. Found 7 JPA repository interfaces.
2023-12-19T01:32:34.779+03:00  INFO 2052 --- [           main] liquibase.database                       : Set default schema name to public
2023-12-19T01:32:35.092+03:00  INFO 2052 --- [           main] liquibase.executor                       : Changelog query completed.
2023-12-19T01:32:35.098+03:00  INFO 2052 --- [           main] liquibase.executor                       : Changelog query completed.
2023-12-19T01:32:35.104+03:00  INFO 2052 --- [           main] liquibase.executor                       : Changelog query completed.
2023-12-19T01:32:35.108+03:00  INFO 2052 --- [           main] liquibase.executor                       : Changelog query completed.
2023-12-19T01:32:35.113+03:00  INFO 2052 --- [           main] liquibase.executor                       : Changelog query completed.
2023-12-19T01:32:35.115+03:00  INFO 2052 --- [           main] liquibase.lockservice                    : Successfully acquired change log lock
2023-12-19T01:32:35.127+03:00  INFO 2052 --- [           main] liquibase.changelog                      : Creating database history table with name: public.databasechangelog
2023-12-19T01:32:35.135+03:00  INFO 2052 --- [           main] liquibase.executor                       : Changelog query completed.
2023-12-19T01:32:35.140+03:00  INFO 2052 --- [           main] liquibase.changelog                      : Reading from public.databasechangelog
2023-12-19T01:32:35.144+03:00  INFO 2052 --- [           main] liquibase.executor                       : Changelog query completed.
2023-12-19T01:32:35.150+03:00  INFO 2052 --- [           main] liquibase.executor                       : Changelog query completed.
Running Changeset: db/changelog/v1.0/v.0.1_01_initial_schema.xml::activateUuidOsspExtension::anton
2023-12-19T01:32:35.216+03:00  INFO 2052 --- [           main] liquibase.changelog                      : Custom SQL executed
2023-12-19T01:32:35.219+03:00  INFO 2052 --- [           main] liquibase.changelog                      : ChangeSet db/changelog/v1.0/v.0.1_01_initial_schema.xml::activateUuidOsspExtension::anton ran successfully in 15ms
2023-12-19T01:32:35.222+03:00  INFO 2052 --- [           main] liquibase.executor                       : Changelog query completed.
2023-12-19T01:32:35.226+03:00  INFO 2052 --- [           main] liquibase.executor                       : Changelog query completed.
Running Changeset: db/changelog/v1.0/v.0.1_01_initial_schema.xml::createRoleTable::anton
2023-12-19T01:32:35.253+03:00  INFO 2052 --- [           main] liquibase.changelog                      : Table role created
2023-12-19T01:32:35.256+03:00  INFO 2052 --- [           main] liquibase.changelog                      : ChangeSet db/changelog/v1.0/v.0.1_01_initial_schema.xml::createRoleTable::anton ran successfully in 27ms
2023-12-19T01:32:35.260+03:00  INFO 2052 --- [           main] liquibase.executor                       : Changelog query completed.
Running Changeset: db/changelog/v1.0/v.0.1_01_initial_schema.xml::populateRolesTable::anton
2023-12-19T01:32:35.280+03:00  INFO 2052 --- [           main] liquibase.changelog                      : Custom SQL executed
2023-12-19T01:32:35.283+03:00  INFO 2052 --- [           main] liquibase.changelog                      : ChangeSet db/changelog/v1.0/v.0.1_01_initial_schema.xml::populateRolesTable::anton ran successfully in 19ms
2023-12-19T01:32:35.286+03:00  INFO 2052 --- [           main] liquibase.executor                       : Changelog query completed.
Running Changeset: db/changelog/v1.0/v.0.1_01_initial_schema.xml::createUsersTable::anton
2023-12-19T01:32:35.318+03:00  INFO 2052 --- [           main] liquibase.changelog                      : Table users created
2023-12-19T01:32:35.321+03:00  INFO 2052 --- [           main] liquibase.changelog                      : ChangeSet db/changelog/v1.0/v.0.1_01_initial_schema.xml::createUsersTable::anton ran successfully in 32ms
2023-12-19T01:32:35.324+03:00  INFO 2052 --- [           main] liquibase.executor                       : Changelog query completed.
Running Changeset: db/changelog/v1.0/v.0.1_01_initial_schema.xml::createAccountTable::anton
2023-12-19T01:32:35.353+03:00  INFO 2052 --- [           main] liquibase.changelog                      : Table account created
2023-12-19T01:32:35.357+03:00  INFO 2052 --- [           main] liquibase.changelog                      : ChangeSet db/changelog/v1.0/v.0.1_01_initial_schema.xml::createAccountTable::anton ran successfully in 30ms
2023-12-19T01:32:35.361+03:00  INFO 2052 --- [           main] liquibase.executor                       : Changelog query completed.
Running Changeset: db/changelog/v1.0/v.0.1_01_initial_schema.xml::createUserRoleTable::anton
2023-12-19T01:32:35.372+03:00  INFO 2052 --- [           main] liquibase.changelog                      : Table user_role created
2023-12-19T01:32:35.375+03:00  INFO 2052 --- [           main] liquibase.changelog                      : ChangeSet db/changelog/v1.0/v.0.1_01_initial_schema.xml::createUserRoleTable::anton ran successfully in 11ms
2023-12-19T01:32:35.378+03:00  INFO 2052 --- [           main] liquibase.executor                       : Changelog query completed.
Running Changeset: db/changelog/v1.0/v.0.1_01_initial_schema.xml::createTokenTable::anton
2023-12-19T01:32:35.390+03:00  INFO 2052 --- [           main] liquibase.changelog                      : Table recover_token created
2023-12-19T01:32:35.393+03:00  INFO 2052 --- [           main] liquibase.changelog                      : ChangeSet db/changelog/v1.0/v.0.1_01_initial_schema.xml::createTokenTable::anton ran successfully in 12ms
2023-12-19T01:32:35.398+03:00  INFO 2052 --- [           main] liquibase.executor                       : Changelog query completed.
Running Changeset: db/changelog/v1.0/v.0.1_01_initial_schema.xml::createCaptchaTable::anton
2023-12-19T01:32:35.409+03:00  INFO 2052 --- [           main] liquibase.changelog                      : Table captcha created
2023-12-19T01:32:35.411+03:00  INFO 2052 --- [           main] liquibase.changelog                      : ChangeSet db/changelog/v1.0/v.0.1_01_initial_schema.xml::createCaptchaTable::anton ran successfully in 10ms
2023-12-19T01:32:35.415+03:00  INFO 2052 --- [           main] liquibase.executor                       : Changelog query completed.
Running Changeset: db/changelog/v1.0/v.0.1_02_initial_task.xml::createTaskTable::Ivan
2023-12-19T01:32:35.445+03:00  INFO 2052 --- [           main] liquibase.changelog                      : Table task created
2023-12-19T01:32:35.447+03:00  INFO 2052 --- [           main] liquibase.changelog                      : ChangeSet db/changelog/v1.0/v.0.1_02_initial_task.xml::createTaskTable::Ivan ran successfully in 30ms
2023-12-19T01:32:35.451+03:00  INFO 2052 --- [           main] liquibase.executor                       : Changelog query completed.
Running Changeset: db/changelog/v1.0/v.0.1_03_initial_comment.xml::createCommentTable::Ivan
2023-12-19T01:32:35.480+03:00  INFO 2052 --- [           main] liquibase.changelog                      : Table comment created
2023-12-19T01:32:35.483+03:00  INFO 2052 --- [           main] liquibase.changelog                      : ChangeSet db/changelog/v1.0/v.0.1_03_initial_comment.xml::createCommentTable::Ivan ran successfully in 30ms
2023-12-19T01:32:35.487+03:00  INFO 2052 --- [           main] liquibase.executor                       : Changelog query completed.
2023-12-19T01:32:35.489+03:00  INFO 2052 --- [           main] liquibase                                : Update command completed successfully.
2023-12-19T01:32:35.494+03:00  INFO 2052 --- [           main] liquibase.executor                       : Changelog query completed.
2023-12-19T01:32:35.496+03:00  INFO 2052 --- [           main] liquibase.lockservice                    : Successfully released change log lock
2023-12-19T01:32:35.565+03:00  INFO 2052 --- [           main] o.hibernate.jpa.internal.util.LogHelper  : HHH000204: Processing PersistenceUnitInfo [name: default]
2023-12-19T01:32:35.593+03:00  INFO 2052 --- [           main] o.h.e.boot.internal.EnversServiceImpl    : Envers integration enabled? : true
2023-12-19T01:32:35.597+03:00  INFO 2052 --- [           main] o.h.b.i.BytecodeProviderInitiator        : HHH000021: Bytecode provider name : bytebuddy
2023-12-19T01:32:35.598+03:00  INFO 2052 --- [           main] o.s.o.j.p.SpringPersistenceUnitInfo      : No LoadTimeWeaver setup: ignoring JPA class transformer
2023-12-19T01:32:35.602+03:00  INFO 2052 --- [           main] com.zaxxer.hikari.HikariDataSource       : HikariPool-2 - Starting...
2023-12-19T01:32:35.630+03:00  INFO 2052 --- [           main] com.zaxxer.hikari.pool.HikariPool        : HikariPool-2 - Added connection org.postgresql.jdbc.PgConnection@2a542f65
2023-12-19T01:32:35.631+03:00  INFO 2052 --- [           main] com.zaxxer.hikari.HikariDataSource       : HikariPool-2 - Start completed.
2023-12-19T01:32:35.813+03:00  INFO 2052 --- [           main] o.h.b.i.BytecodeProviderInitiator        : HHH000021: Bytecode provider name : bytebuddy
2023-12-19T01:32:36.071+03:00  INFO 2052 --- [           main] o.h.e.t.j.p.i.JtaPlatformInitiator       : HHH000490: Using JtaPlatform implementation: [org.hibernate.engine.transaction.jta.platform.internal.NoJtaPlatform]
2023-12-19T01:32:36.072+03:00  INFO 2052 --- [           main] j.LocalContainerEntityManagerFactoryBean : Initialized JPA EntityManagerFactory for persistence unit 'default'
2023-12-19T01:32:36.782+03:00  INFO 2052 --- [           main] o.s.s.web.DefaultSecurityFilterChain     : Will secure any request with [org.springframework.security.web.session.DisableEncodeUrlFilter@4393cb22, org.springframework.security.web.context.request.async.WebAsyncManagerIntegrationFilter@3b1bf4bf, org.springframework.security.web.context.SecurityContextHolderFilter@730cc7da, org.springframework.security.web.header.HeaderWriterFilter@6dd5923a, org.springframework.security.web.authentication.logout.LogoutFilter@6982fae, ru.kolivim.myproject.task.management.system.impl.security.cookie.CookieFilter@6eba6554, org.springframework.security.oauth2.server.resource.web.authentication.BearerTokenAuthenticationFilter@4b16145, org.springframework.security.web.savedrequest.RequestCacheAwareFilter@629e9bbe, org.springframework.security.web.servletapi.SecurityContextHolderAwareRequestFilter@239b9195, org.springframework.security.web.authentication.AnonymousAuthenticationFilter@7d20cd82, org.springframework.security.web.session.SessionManagementFilter@4a9f517b, org.springframework.security.web.access.ExceptionTranslationFilter@7a0d71d4, org.springframework.security.web.access.intercept.AuthorizationFilter@6fa53b0d]
2023-12-19T01:32:38.480+03:00  INFO 2052 --- [           main] o.s.b.t.m.w.SpringBootMockServletContext : Initializing Spring TestDispatcherServlet ''
2023-12-19T01:32:38.481+03:00  INFO 2052 --- [           main] o.s.t.web.servlet.TestDispatcherServlet  : Initializing Servlet ''
2023-12-19T01:32:38.483+03:00  INFO 2052 --- [           main] o.s.t.web.servlet.TestDispatcherServlet  : Completed initialization in 2 ms
2023-12-19T01:32:38.510+03:00  INFO 2052 --- [           main] r.k.m.t.m.system.impl.TaskServiceTest    : Started TaskServiceTest in 6.018 seconds (process running for 35.649)
2023-12-19T01:32:38.533+03:00  INFO 2052 --- [           main] r.k.m.t.m.s.i.u.t.TechnicalUserConfig    : TechnicalUserConfig:executeByTechnicalUser start method
2023-12-19T01:32:38.533+03:00  INFO 2052 --- [           main] r.k.m.t.m.s.i.u.t.TechnicalUserConfig    : TechnicalUserConfig:createTestContext start method
2023-12-19T01:32:38.533+03:00  INFO 2052 --- [           main] r.k.m.t.m.s.i.u.t.TechnicalUserConfig    : TechnicalUserConfig:createToken start method
SecurityContextImpl [Null authentication]
2023-12-19T01:32:38.878+03:00  INFO 2052 --- [           main] r.k.m.t.m.s.i.service.task.TaskService   : TaskService: deleteById(UUID id) startMethod, id: b5e00e4e-5ac0-4fbb-a0e9-7c08da8950be
]]></system-out>
  </testcase>
  <testcase name="updateException" classname="ru.kolivim.myproject.task.management.system.impl.TaskServiceTest" time="0.058">
    <system-out><![CDATA[2023-12-19T01:32:39.173+03:00  INFO 2052 --- [           main] r.k.m.t.m.s.i.u.t.TechnicalUserConfig    : TechnicalUserConfig:executeByTechnicalUser start method
2023-12-19T01:32:39.174+03:00  INFO 2052 --- [           main] r.k.m.t.m.s.i.u.t.TechnicalUserConfig    : TechnicalUserConfig:createTestContext start method
2023-12-19T01:32:39.174+03:00  INFO 2052 --- [           main] r.k.m.t.m.s.i.u.t.TechnicalUserConfig    : TechnicalUserConfig:createToken start method
SecurityContextImpl [Null authentication]
2023-12-19T01:32:39.189+03:00  INFO 2052 --- [           main] r.k.m.t.m.s.i.service.task.TaskService   : TaskService: update(TaskDTO taskDTO) startMethod, TaskDTO: TaskDTO(status=null, priority=null, title=Тест заголовок2, description=Тест описание2, authorId=null, executorId=null, comments=null)
]]></system-out>
  </testcase>
  <testcase name="updateExecutor" classname="ru.kolivim.myproject.task.management.system.impl.TaskServiceTest" time="0.21">
    <system-out><![CDATA[2023-12-19T01:32:39.234+03:00  INFO 2052 --- [           main] r.k.m.t.m.s.i.u.t.TechnicalUserConfig    : TechnicalUserConfig:executeByTechnicalUser start method
2023-12-19T01:32:39.234+03:00  INFO 2052 --- [           main] r.k.m.t.m.s.i.u.t.TechnicalUserConfig    : TechnicalUserConfig:createTestContext start method
2023-12-19T01:32:39.234+03:00  INFO 2052 --- [           main] r.k.m.t.m.s.i.u.t.TechnicalUserConfig    : TechnicalUserConfig:createToken start method
SecurityContextImpl [Null authentication]
2023-12-19T01:32:39.252+03:00  INFO 2052 --- [           main] r.k.m.t.m.s.i.service.task.TaskService   : TaskService: updateExecutor(TaskDTO taskDTO) startMethod, TaskDTO: TaskDTO(status=null, priority=null, title=null, description=null, authorId=null, executorId=9298debd-60d0-46f0-b2b8-318ea5467173, comments=null)
2023-12-19T01:32:39.288+03:00  INFO 2052 --- [           main] r.k.m.t.m.s.i.service.task.TaskService   : TaskService: isUserExist(UUID id) startMethod, получен id: 9298debd-60d0-46f0-b2b8-318ea5467173
]]></system-out>
  </testcase>
  <testcase name="create" classname="ru.kolivim.myproject.task.management.system.impl.TaskServiceTest" time="0.04">
    <system-out><![CDATA[2023-12-19T01:32:39.441+03:00  INFO 2052 --- [           main] r.k.m.t.m.s.i.u.t.TechnicalUserConfig    : TechnicalUserConfig:executeByTechnicalUser start method
2023-12-19T01:32:39.442+03:00  INFO 2052 --- [           main] r.k.m.t.m.s.i.u.t.TechnicalUserConfig    : TechnicalUserConfig:createTestContext start method
2023-12-19T01:32:39.442+03:00  INFO 2052 --- [           main] r.k.m.t.m.s.i.u.t.TechnicalUserConfig    : TechnicalUserConfig:createToken start method
SecurityContextImpl [Null authentication]
2023-12-19T01:32:39.450+03:00  INFO 2052 --- [           main] r.k.m.t.m.s.i.service.task.TaskService   : TaskService: create(TaskDTO taskDTO) startMethod, taskDTO:TaskDTO(status=null, priority=LOW, title=Тест заголовок, description=Тест описание, authorId=null, executorId=07c19cea-569b-4bdf-9687-044b805d87a2, comments=null)
2023-12-19T01:32:39.451+03:00  INFO 2052 --- [           main] r.k.m.t.m.s.i.service.task.TaskService   : TaskService: isUserExist(UUID id) startMethod, получен id: 07c19cea-569b-4bdf-9687-044b805d87a2
]]></system-out>
  </testcase>
  <testcase name="updateStatus" classname="ru.kolivim.myproject.task.management.system.impl.TaskServiceTest" time="0.048">
    <system-out><![CDATA[2023-12-19T01:32:39.487+03:00  INFO 2052 --- [           main] r.k.m.t.m.s.i.u.t.TechnicalUserConfig    : TechnicalUserConfig:executeByTechnicalUser start method
2023-12-19T01:32:39.487+03:00  INFO 2052 --- [           main] r.k.m.t.m.s.i.u.t.TechnicalUserConfig    : TechnicalUserConfig:createTestContext start method
2023-12-19T01:32:39.488+03:00  INFO 2052 --- [           main] r.k.m.t.m.s.i.u.t.TechnicalUserConfig    : TechnicalUserConfig:createToken start method
SecurityContextImpl [Null authentication]
2023-12-19T01:32:39.498+03:00  INFO 2052 --- [           main] r.k.m.t.m.s.i.service.task.TaskService   : TaskService: updateStatus(TaskDTO taskDTO) startMethod, TaskDTO: TaskDTO(status=COMPLETED, priority=null, title=null, description=null, authorId=null, executorId=null, comments=null)
]]></system-out>
  </testcase>
  <testcase name="update" classname="ru.kolivim.myproject.task.management.system.impl.TaskServiceTest" time="0.037">
    <system-out><![CDATA[2023-12-19T01:32:39.535+03:00  INFO 2052 --- [           main] r.k.m.t.m.s.i.u.t.TechnicalUserConfig    : TechnicalUserConfig:executeByTechnicalUser start method
2023-12-19T01:32:39.535+03:00  INFO 2052 --- [           main] r.k.m.t.m.s.i.u.t.TechnicalUserConfig    : TechnicalUserConfig:createTestContext start method
2023-12-19T01:32:39.535+03:00  INFO 2052 --- [           main] r.k.m.t.m.s.i.u.t.TechnicalUserConfig    : TechnicalUserConfig:createToken start method
SecurityContextImpl [Null authentication]
2023-12-19T01:32:39.545+03:00  INFO 2052 --- [           main] r.k.m.t.m.s.i.service.task.TaskService   : TaskService: update(TaskDTO taskDTO) startMethod, TaskDTO: TaskDTO(status=null, priority=null, title=Тест заголовок2, description=Тест описание2, authorId=null, executorId=null, comments=null)
]]></system-out>
  </testcase>
  <testcase name="createExceptionExecutorIsDeleted" classname="ru.kolivim.myproject.task.management.system.impl.TaskServiceTest" time="0.032">
    <system-out><![CDATA[2023-12-19T01:32:39.572+03:00  INFO 2052 --- [           main] r.k.m.t.m.s.i.u.t.TechnicalUserConfig    : TechnicalUserConfig:executeByTechnicalUser start method
2023-12-19T01:32:39.572+03:00  INFO 2052 --- [           main] r.k.m.t.m.s.i.u.t.TechnicalUserConfig    : TechnicalUserConfig:createTestContext start method
2023-12-19T01:32:39.572+03:00  INFO 2052 --- [           main] r.k.m.t.m.s.i.u.t.TechnicalUserConfig    : TechnicalUserConfig:createToken start method
SecurityContextImpl [Null authentication]
2023-12-19T01:32:39.580+03:00  INFO 2052 --- [           main] r.k.m.t.m.s.i.service.task.TaskService   : TaskService: create(TaskDTO taskDTO) startMethod, taskDTO:TaskDTO(status=null, priority=LOW, title=Тест заголовок, description=Тест описание, authorId=null, executorId=ca016866-1ceb-4e63-b9b9-ac360103c199, comments=null)
2023-12-19T01:32:39.581+03:00  INFO 2052 --- [           main] r.k.m.t.m.s.i.service.task.TaskService   : TaskService: isUserExist(UUID id) startMethod, получен id: ca016866-1ceb-4e63-b9b9-ac360103c199
]]></system-out>
  </testcase>
  <testcase name="updateExecutorException" classname="ru.kolivim.myproject.task.management.system.impl.TaskServiceTest" time="0.041">
    <system-out><![CDATA[2023-12-19T01:32:39.607+03:00  INFO 2052 --- [           main] r.k.m.t.m.s.i.u.t.TechnicalUserConfig    : TechnicalUserConfig:executeByTechnicalUser start method
2023-12-19T01:32:39.607+03:00  INFO 2052 --- [           main] r.k.m.t.m.s.i.u.t.TechnicalUserConfig    : TechnicalUserConfig:createTestContext start method
2023-12-19T01:32:39.608+03:00  INFO 2052 --- [           main] r.k.m.t.m.s.i.u.t.TechnicalUserConfig    : TechnicalUserConfig:createToken start method
SecurityContextImpl [Null authentication]
2023-12-19T01:32:39.618+03:00  INFO 2052 --- [           main] r.k.m.t.m.s.i.service.task.TaskService   : TaskService: updateExecutor(TaskDTO taskDTO) startMethod, TaskDTO: TaskDTO(status=null, priority=null, title=null, description=null, authorId=null, executorId=51ad1bd0-dc15-430e-9e0f-70fb89f45527, comments=null)
]]></system-out>
  </testcase>
  <testcase name="updateStatusException" classname="ru.kolivim.myproject.task.management.system.impl.TaskServiceTest" time="0.035">
    <system-out><![CDATA[2023-12-19T01:32:39.651+03:00  INFO 2052 --- [           main] r.k.m.t.m.s.i.u.t.TechnicalUserConfig    : TechnicalUserConfig:executeByTechnicalUser start method
2023-12-19T01:32:39.651+03:00  INFO 2052 --- [           main] r.k.m.t.m.s.i.u.t.TechnicalUserConfig    : TechnicalUserConfig:createTestContext start method
2023-12-19T01:32:39.651+03:00  INFO 2052 --- [           main] r.k.m.t.m.s.i.u.t.TechnicalUserConfig    : TechnicalUserConfig:createToken start method
SecurityContextImpl [Null authentication]
2023-12-19T01:32:39.660+03:00  INFO 2052 --- [           main] r.k.m.t.m.s.i.service.task.TaskService   : TaskService: updateStatus(TaskDTO taskDTO) startMethod, TaskDTO: TaskDTO(status=COMPLETED, priority=null, title=null, description=null, authorId=null, executorId=null, comments=null)
]]></system-out>
  </testcase>
  <testcase name="deleteById" classname="ru.kolivim.myproject.task.management.system.impl.TaskServiceTest" time="0.036">
    <system-out><![CDATA[2023-12-19T01:32:39.687+03:00  INFO 2052 --- [           main] r.k.m.t.m.s.i.u.t.TechnicalUserConfig    : TechnicalUserConfig:executeByTechnicalUser start method
2023-12-19T01:32:39.687+03:00  INFO 2052 --- [           main] r.k.m.t.m.s.i.u.t.TechnicalUserConfig    : TechnicalUserConfig:createTestContext start method
2023-12-19T01:32:39.687+03:00  INFO 2052 --- [           main] r.k.m.t.m.s.i.u.t.TechnicalUserConfig    : TechnicalUserConfig:createToken start method
SecurityContextImpl [Null authentication]
2023-12-19T01:32:39.697+03:00  INFO 2052 --- [           main] r.k.m.t.m.s.i.service.task.TaskService   : TaskService: deleteById(UUID id) startMethod, id: b743225f-e0bd-4e3a-98a3-946fdd48184c
2023-12-19T01:32:39.711+03:00  INFO 2052 --- [           main] r.k.m.t.m.s.i.service.task.TaskService   : TaskService: deleteById(UUID id) endMethod, save Task: Task(status=PENDING, priority=HIGH, title=Тест заголовок, description=Тест описание, authorId=0f7d1002-9cc6-11ee-8c90-0242ac120002, executorId=a7025366-0288-4a81-9f83-1cdb592f711c, comments=[])
]]></system-out>
  </testcase>
  <testcase name="getAllMeByFilter" classname="ru.kolivim.myproject.task.management.system.impl.TaskServiceTest" time="0.039">
    <system-out><![CDATA[2023-12-19T01:32:39.724+03:00  INFO 2052 --- [           main] r.k.m.t.m.s.i.u.t.TechnicalUserConfig    : TechnicalUserConfig:executeByTechnicalUser start method
2023-12-19T01:32:39.724+03:00  INFO 2052 --- [           main] r.k.m.t.m.s.i.u.t.TechnicalUserConfig    : TechnicalUserConfig:createTestContext start method
2023-12-19T01:32:39.724+03:00  INFO 2052 --- [           main] r.k.m.t.m.s.i.u.t.TechnicalUserConfig    : TechnicalUserConfig:createToken start method
SecurityContextImpl [Null authentication]
2023-12-19T01:32:39.733+03:00  INFO 2052 --- [           main] r.k.m.t.m.s.i.service.task.TaskService   : TaskService: getAllByFilter startMethod, TaskDTO: TaskDTO(status=null, priority=LOW, title=Тест заголовок, description=Тест описание, authorId=0f7d1002-9cc6-11ee-8c90-0242ac120002, executorId=ba431201-8e85-49d6-8685-3af82b0b98f6, comments=null)
]]></system-out>
  </testcase>
  <testcase name="createExceptionExecutor" classname="ru.kolivim.myproject.task.management.system.impl.TaskServiceTest" time="0.03">
    <system-out><![CDATA[2023-12-19T01:32:39.768+03:00  INFO 2052 --- [           main] r.k.m.t.m.s.i.u.t.TechnicalUserConfig    : TechnicalUserConfig:executeByTechnicalUser start method
2023-12-19T01:32:39.768+03:00  INFO 2052 --- [           main] r.k.m.t.m.s.i.u.t.TechnicalUserConfig    : TechnicalUserConfig:createTestContext start method
2023-12-19T01:32:39.768+03:00  INFO 2052 --- [           main] r.k.m.t.m.s.i.u.t.TechnicalUserConfig    : TechnicalUserConfig:createToken start method
SecurityContextImpl [Null authentication]
2023-12-19T01:32:39.775+03:00  INFO 2052 --- [           main] r.k.m.t.m.s.i.service.task.TaskService   : TaskService: create(TaskDTO taskDTO) startMethod, taskDTO:TaskDTO(status=null, priority=LOW, title=Тест заголовок, description=Тест описание, authorId=null, executorId=c5911f02-de09-4eb9-8ab4-50e2af8c6ccc, comments=null)
2023-12-19T01:32:39.775+03:00  INFO 2052 --- [           main] r.k.m.t.m.s.i.service.task.TaskService   : TaskService: isUserExist(UUID id) startMethod, получен id: c5911f02-de09-4eb9-8ab4-50e2af8c6ccc
]]></system-out>
  </testcase>
  <testcase name="getAllMeAuthorId" classname="ru.kolivim.myproject.task.management.system.impl.TaskServiceTest" time="0.034">
    <system-out><![CDATA[2023-12-19T01:32:39.796+03:00  INFO 2052 --- [           main] r.k.m.t.m.s.i.u.t.TechnicalUserConfig    : TechnicalUserConfig:executeByTechnicalUser start method
2023-12-19T01:32:39.796+03:00  INFO 2052 --- [           main] r.k.m.t.m.s.i.u.t.TechnicalUserConfig    : TechnicalUserConfig:createTestContext start method
2023-12-19T01:32:39.796+03:00  INFO 2052 --- [           main] r.k.m.t.m.s.i.u.t.TechnicalUserConfig    : TechnicalUserConfig:createToken start method
SecurityContextImpl [Null authentication]
]]></system-out>
  </testcase>
  <testcase name="getAllMeExecutorId" classname="ru.kolivim.myproject.task.management.system.impl.TaskServiceTest" time="0.029">
    <system-out><![CDATA[2023-12-19T01:32:39.831+03:00  INFO 2052 --- [           main] r.k.m.t.m.s.i.u.t.TechnicalUserConfig    : TechnicalUserConfig:executeByTechnicalUser start method
2023-12-19T01:32:39.831+03:00  INFO 2052 --- [           main] r.k.m.t.m.s.i.u.t.TechnicalUserConfig    : TechnicalUserConfig:createTestContext start method
2023-12-19T01:32:39.831+03:00  INFO 2052 --- [           main] r.k.m.t.m.s.i.u.t.TechnicalUserConfig    : TechnicalUserConfig:createToken start method
SecurityContextImpl [Null authentication]
]]></system-out>
  </testcase>
</testsuite>